#
# A fatal error has been detected by the Java Runtime Environment:
#
#  SIGSEGV (0xb) at pc=0x0000000102256b2d, pid=889, tid=10499
#
# JRE version: Java(TM) SE Runtime Environment (7.0_79-b15) (build 1.7.0_79-b15)
# Java VM: Java HotSpot(TM) 64-Bit Server VM (24.79-b02 mixed mode bsd-amd64 compressed oops)
# Problematic frame:
# V  [libjvm.dylib+0x456b2d]  ParallelCompactData::summarize(SplitInfo&, HeapWord*, HeapWord*, HeapWord**, HeapWord*, HeapWord*, HeapWord**)+0x65
#
# Failed to write core dump. Core dumps have been disabled. To enable core dumping, try "ulimit -c unlimited" before starting Java again
#
# If you would like to submit a bug report, please visit:
#   http://bugreport.java.com/bugreport/crash.jsp
#

---------------  T H R E A D  ---------------

Current thread (0x00007f8bb3028800):  VMThread [stack: 0x0000000109eda000,0x0000000109fda000] [id=10499]

siginfo:si_signo=SIGSEGV: si_errno=0, si_code=1 (SEGV_MAPERR), si_addr=0x0000000000000000

Registers:
RAX=0x00000007fe380030, RBX=0x0000000000000000, RCX=0x00000007fffd4768, RDX=0x00000007fff80000
RSP=0x0000000109fd96b0, RBP=0x0000000109fd96e0, RSI=0x00000000000009c7, RDI=0x0000000102618268
R8 =0x0000000800000000, R9 =0x0000000102618248, R10=0x0000000108986000, R11=0x0000000108986000
R12=0x0000000108986000, R13=0x000000001000f99f, R14=0x0000000800051880, R15=0x000000000000fa23
RIP=0x0000000102256b2d, EFLAGS=0x0000000000010206, ERR=0x0000000000000006
  TRAPNO=0x000000000000000e

Top of Stack: (sp=0x0000000109fd96b0)
0x0000000109fd96b0:   0000000109fd9700 0000000102618268
0x0000000109fd96c0:   0000000102618090 00007f8bb1505e90
0x0000000109fd96d0:   0000000000000160 00000001026180e0
0x0000000109fd96e0:   0000000109fd9730 0000000102257130
0x0000000109fd96f0:   0000000800000000 0000000102618248
0x0000000109fd9700:   0000000109fd9730 0000000000000000
0x0000000109fd9710:   0000000000000008 0000000000000800
0x0000000109fd9720:   00007f8bb150cc01 0000000000000013
0x0000000109fd9730:   0000000109fd97b0 000000010225944d
0x0000000109fd9740:   00007f8bb150d1b0 0000000000000004
0x0000000109fd9750:   000000010237e897 0000000109fd0100
0x0000000109fd9760:   000000010237e8c3 0000000066280100
0x0000000109fd9770:   00000001026182a0 00000000662ff07d
0x0000000109fd9780:   0000000000000000 00007f8bb150d8b0
0x0000000109fd9790:   0000000000000008 0000000000000800
0x0000000109fd97a0:   00007f8bb150cc01 0000000000000013
0x0000000109fd97b0:   0000000109fd9ac0 000000010225ad96
0x0000000109fd97c0:   00007f8b00000001 0000000100000001
0x0000000109fd97d0:   2200da5100000001 0000000000000001
0x0000000109fd97e0:   00007f8bb1505e90 00007f8bb150e190
0x0000000109fd97f0:   000000010237ed6e 00007fff7cce0000
0x0000000109fd9800:   00000001026184d0 00007f8bb150d8b0
0x0000000109fd9810:   00007f8bb1505a10 0000000002605040
0x0000000109fd9820:   00007f8bb1506f10 00007f8bb15074e0
0x0000000109fd9830:   0000001300000004 00007f8bb1505c80
0x0000000109fd9840:   00007f8bb1505d10 00007f8bb1505820
0x0000000109fd9850:   00000001026184d0 000000006624d740
0x0000000109fd9860:   0000000000000000 0101010101010100
0x0000000109fd9870:   000000010000000a 000000000003cae9
0x0000000109fd9880:   000000006624d733 0101010101010101
0x0000000109fd9890:   00007f8b00000013 0000000000000000
0x0000000109fd98a0:   000000006628a267 00007f8bb150c701 

Instructions: (pc=0x0000000102256b2d)
0x0000000102256b0d:   f0 be ff ff ff 07 e9 f5 00 00 00 48 89 d6 4c 89
0x0000000102256b1d:   c2 4c 89 c9 4d 89 d0 4c 8b 4d 18 e8 9d fe ff ff
0x0000000102256b2d:   48 89 03 31 c0 e9 eb 00 00 00 4c 8b 5f 18 4d 89
0x0000000102256b3d:   0c 03 4c 8b 5f 18 45 8b 74 03 18 45 8b 7c 03 1c 

Register to memory mapping:

RAX=0x00000007fe380030 is an oop
com.sun.tools.javac.code.Symbol$VarSymbol 
 - klass: 'com/sun/tools/javac/code/Symbol$VarSymbol'
RBX=0x0000000000000000 is an unknown value
RCX=0x00000007fffd4768 is an unknown value
RDX=0x00000007fff80000 is an oop
[B 
 - klass: {type array byte}
 - length: 83
RSP=0x0000000109fd96b0 is an unknown value
RBP=0x0000000109fd96e0 is an unknown value
RSI=0x00000000000009c7 is an unknown value
RDI=0x0000000102618268: _ZN17PSParallelCompact11_space_infoE+0x188 in /Library/Java/JavaVirtualMachines/jdk1.7.0_79.jdk/Contents/Home/jre/lib/server/libjvm.dylib at 0x0000000101e00000
R8 =0x0000000800000000 is an unknown value
R9 =0x0000000102618248: _ZN17PSParallelCompact11_space_infoE+0x168 in /Library/Java/JavaVirtualMachines/jdk1.7.0_79.jdk/Contents/Home/jre/lib/server/libjvm.dylib at 0x0000000101e00000
R10=0x0000000108986000 is an unknown value
R11=0x0000000108986000 is an unknown value
R12=0x0000000108986000 is an unknown value
R13=0x000000001000f99f is an unknown value
R14=0x0000000800051880 is an unknown value
R15=0x000000000000fa23 is an unknown value


Stack: [0x0000000109eda000,0x0000000109fda000],  sp=0x0000000109fd96b0,  free space=1021k
Native frames: (J=compiled Java code, j=interpreted, Vv=VM code, C=native code)
V  [libjvm.dylib+0x456b2d]  ParallelCompactData::summarize(SplitInfo&, HeapWord*, HeapWord*, HeapWord**, HeapWord*, HeapWord*, HeapWord**)+0x65
V  [libjvm.dylib+0x457130]  PSParallelCompact::summarize_spaces_quick()+0x58
V  [libjvm.dylib+0x45944d]  PSParallelCompact::summary_phase(ParCompactionManager*, bool)+0x3b
V  [libjvm.dylib+0x45ad96]  PSParallelCompact::invoke_no_policy(bool)+0x446
V  [libjvm.dylib+0x45f546]  PSScavenge::invoke()+0xd6
V  [libjvm.dylib+0x4338bd]  ParallelScavengeHeap::failed_mem_allocate(unsigned long)+0x27
V  [libjvm.dylib+0x52e2de]  VM_ParallelGCFailedAllocation::doit()+0x4a
V  [libjvm.dylib+0x534667]  VM_Operation::evaluate()+0x4f
V  [libjvm.dylib+0x532ccb]  VMThread::evaluate_operation(VM_Operation*)+0xdf
V  [libjvm.dylib+0x533118]  VMThread::loop()+0x328
V  [libjvm.dylib+0x532a37]  VMThread::run()+0x79
V  [libjvm.dylib+0x421c4e]  java_start(Thread*)+0x126
C  [libsystem_pthread.dylib+0x405a]  _pthread_body+0x83
C  [libsystem_pthread.dylib+0x3fd7]  _pthread_body+0x0
C  [libsystem_pthread.dylib+0x13ed]  thread_start+0xd

VM_Operation (0x000000010cd23598): ParallelGCFailedAllocation, mode: safepoint, requested by thread 0x00007f8bb35d9800


---------------  P R O C E S S  ---------------

Java Threads: ( => current thread )
  0x00007f8bb312d800 JavaThread "Stdin handler" [_thread_blocked, id=20771, stack(0x000000010cd2a000,0x000000010ce2a000)]
  0x00007f8bb19bd800 JavaThread "Cancel handler" [_thread_blocked, id=12059, stack(0x000000010cb24000,0x000000010cc24000)]
  0x00007f8bb4b43800 JavaThread "Handler for socket connection from /127.0.0.1:57877 to /127.0.0.1:58367" [_thread_in_native, id=21787, stack(0x000000010ca21000,0x000000010cb21000)]
  0x00007f8bb35af800 JavaThread "process reaper" daemon [_thread_blocked, id=59907, stack(0x000000010d692000,0x000000010d6ba000)]
  0x00007f8bb4b2f800 JavaThread "process reaper" daemon [_thread_blocked, id=59395, stack(0x000000010d5d1000,0x000000010d5f9000)]
  0x00007f8bb1bdb000 JavaThread "process reaper" daemon [_thread_blocked, id=57859, stack(0x000000010d3cf000,0x000000010d3f7000)]
  0x00007f8bb35ae800 JavaThread "process reaper" daemon [_thread_blocked, id=57347, stack(0x000000010d35d000,0x000000010d385000)]
  0x00007f8bb1e70000 JavaThread "process reaper" daemon [_thread_blocked, id=56835, stack(0x000000010c530000,0x000000010c558000)]
  0x00007f8bb5ada000 JavaThread "process reaper" daemon [_thread_blocked, id=52739, stack(0x000000010d881000,0x000000010d8a9000)]
  0x00007f8bb3513800 JavaThread "process reaper" daemon [_thread_blocked, id=51203, stack(0x000000010d856000,0x000000010d87e000)]
  0x00007f8bb35b0000 JavaThread "process reaper" daemon [_thread_blocked, id=48643, stack(0x000000010d82b000,0x000000010d853000)]
  0x00007f8bb5ad0800 JavaThread "process reaper" daemon [_thread_blocked, id=48131, stack(0x000000010d747000,0x000000010d76f000)]
  0x00007f8bb1c4b800 JavaThread "process reaper" daemon [_thread_blocked, id=46595, stack(0x000000010d71c000,0x000000010d744000)]
  0x00007f8bb504b000 JavaThread "process reaper" daemon [_thread_blocked, id=33283, stack(0x000000010d5a6000,0x000000010d5ce000)]
  0x00007f8bb5cb9000 JavaThread "process reaper" daemon [_thread_blocked, id=32771, stack(0x000000010d57b000,0x000000010d5a3000)]
  0x00007f8bb5fd6000 JavaThread "process reaper" daemon [_thread_blocked, id=32259, stack(0x000000010d550000,0x000000010d578000)]
  0x00007f8bb504a000 JavaThread "process reaper" daemon [_thread_blocked, id=31747, stack(0x000000010d525000,0x000000010d54d000)]
  0x00007f8bb42ff800 JavaThread "process reaper" daemon [_thread_blocked, id=31235, stack(0x000000010d254000,0x000000010d27c000)]
  0x00007f8bb1e97000 JavaThread "process reaper" daemon [_thread_blocked, id=28163, stack(0x000000010d14c000,0x000000010d174000)]
  0x00007f8bb1b30000 JavaThread "process reaper" daemon [_thread_blocked, id=27651, stack(0x000000010d121000,0x000000010d149000)]
  0x00007f8bb1b2f000 JavaThread "process reaper" daemon [_thread_blocked, id=27139, stack(0x000000010d085000,0x000000010d0ad000)]
  0x00007f8bb5361000 JavaThread "process reaper" daemon [_thread_blocked, id=26627, stack(0x000000010c4fe000,0x000000010c526000)]
  0x00007f8bb4546800 JavaThread "process reaper" daemon [_thread_blocked, id=14123, stack(0x000000010c55b000,0x000000010c583000)]
  0x00007f8bb35d9800 JavaThread "Daemon worker Thread 4" [_thread_blocked, id=19735, stack(0x000000010cc27000,0x000000010cd27000)]
  0x00007f8bb3688000 JavaThread "Daemon Thread 4" [_thread_blocked, id=19215, stack(0x000000010c91e000,0x000000010ca1e000)]
  0x00007f8bb1d17800 JavaThread "pool-2-thread-1" [_thread_blocked, id=21259, stack(0x000000010cf09000,0x000000010d009000)]
  0x00007f8bb3559000 JavaThread "File lock request listener" [_thread_in_native, id=22275, stack(0x000000010c3d0000,0x000000010c4d0000)]
  0x00007f8bb31f5000 JavaThread "Incoming local TCP Connector on port 57877" [_thread_in_native, id=18691, stack(0x000000010c81b000,0x000000010c91b000)]
  0x00007f8bb183a800 JavaThread "Service Thread" daemon [_thread_blocked, id=17667, stack(0x000000010be0a000,0x000000010bf0a000)]
  0x00007f8bb1839800 JavaThread "C2 CompilerThread1" daemon [_thread_blocked, id=17155, stack(0x000000010bd07000,0x000000010be07000)]
  0x00007f8bb180c000 JavaThread "C2 CompilerThread0" daemon [_thread_blocked, id=16643, stack(0x000000010bc04000,0x000000010bd04000)]
  0x00007f8bb303c800 JavaThread "Signal Dispatcher" daemon [_thread_blocked, id=13335, stack(0x000000010bb01000,0x000000010bc01000)]
  0x00007f8bb302a000 JavaThread "Finalizer" daemon [_thread_blocked, id=11523, stack(0x000000010a0e0000,0x000000010a1e0000)]
  0x00007f8bb3029000 JavaThread "Reference Handler" daemon [_thread_blocked, id=11011, stack(0x0000000109fdd000,0x000000010a0dd000)]
  0x00007f8bb180d000 JavaThread "main" [_thread_blocked, id=4867, stack(0x00000001014a7000,0x00000001015a7000)]

Other Threads:
=>0x00007f8bb3028800 VMThread [stack: 0x0000000109eda000,0x0000000109fda000] [id=10499]
  0x00007f8bb3052000 WatcherThread [stack: 0x000000010bf0d000,0x000000010c00d000] [id=18179]

VM state:at safepoint (normal execution)

VM Mutex/Monitor currently owned by a thread:  ([mutex/lock_event])
[0x00007f8bb1503050] Threads_lock - owner thread: 0x00007f8bb3028800
[0x00007f8bb1503550] Heap_lock - owner thread: 0x00007f8bb35d9800

Heap
 PSYoungGen      total 233472K, used 233443K [0x00000007eaa80000, 0x0000000800000000, 0x0000000800000000)
  eden space 117248K, 100% used [0x00000007eaa80000,0x00000007f1d00000,0x00000007f1d00000)
  from space 116224K, 99% used [0x00000007f1d00000,0x00000007f8e78e20,0x00000007f8e80000)
  to   space 116224K, 99% used [0x00000007f8e80000,0x00000007ffffb558,0x0000000800000000)
 ParOldGen       total 698880K, used 304709K [0x00000007c0000000, 0x00000007eaa80000, 0x00000007eaa80000)
  object space 698880K, 43% used [0x00000007c0000000,0x00000007d29917b8,0x00000007eaa80000)
 PSPermGen       total 105472K, used 67548K [0x00000007b0000000, 0x00000007b6700000, 0x00000007c0000000)
  object space 105472K, 64% used [0x00000007b0000000,0x00000007b41f71e8,0x00000007b6700000)

Card table byte_map: [0x0000000105923000,0x0000000105ba4000] byte_map_base: 0x0000000101ba3000

Polling page: 0x00000001015e6000

Code Cache  [0x0000000102863000, 0x0000000103953000, 0x0000000105863000)
 total_blobs=5557 nmethods=4876 adapters=633 free_code_cache=32109Kb largest_free_block=32587328

Compilation events (10 events):
Event: 1713.608 Thread 0x00007f8bb1839800 5594             proguard.classfile.attribute.preverification.ObjectType::accept (14 bytes)
Event: 1713.610 Thread 0x00007f8bb1839800 nmethod 5594 0x0000000103849910 code [0x0000000103849aa0, 0x0000000103849cd8]
Event: 1713.638 Thread 0x00007f8bb180c000 5595             proguard.classfile.ProgramClass::<init> (5 bytes)
Event: 1713.638 Thread 0x00007f8bb180c000 nmethod 5595 0x000000010392f750 code [0x000000010392f880, 0x000000010392f8d8]
Event: 1713.649 Thread 0x00007f8bb1839800 5596             proguard.classfile.visitor.ClassPresenceFilter::classFileVisitor (28 bytes)
Event: 1713.650 Thread 0x00007f8bb180c000 5597             proguard.classfile.visitor.ClassPresenceFilter::visitProgramClass (18 bytes)
Event: 1713.662 Thread 0x00007f8bb1839800 nmethod 5596 0x000000010384dc90 code [0x000000010384de60, 0x000000010384e648]
Event: 1713.662 Thread 0x00007f8bb1839800 5598             java.util.TreeMap::rotateLeft (96 bytes)
Event: 1713.664 Thread 0x00007f8bb1839800 nmethod 5598 0x00000001038a4b90 code [0x00000001038a4ce0, 0x00000001038a4e38]
Event: 1713.668 Thread 0x00007f8bb180c000 nmethod 5597 0x000000010378ffd0 code [0x0000000103790200, 0x0000000103790ca8]

GC Heap History (10 events):
Event: 1705.751 GC heap after
Heap after GC invocations=65 (full 7):
 PSYoungGen      total 207872K, used 64491K [0x00000007eaa80000, 0x0000000800000000, 0x0000000800000000)
  eden space 143360K, 0% used [0x00000007eaa80000,0x00000007eaa80000,0x00000007f3680000)
  from space 64512K, 99% used [0x00000007f9100000,0x00000007fcffae88,0x00000007fd000000)
  to   space 92672K, 0% used [0x00000007f3680000,0x00000007f3680000,0x00000007f9100000)
 ParOldGen       total 477696K, used 243960K [0x00000007c0000000, 0x00000007dd280000, 0x00000007eaa80000)
  object space 477696K, 51% used [0x00000007c0000000,0x00000007cee3e100,0x00000007dd280000)
 PSPermGen       total 105472K, used 66728K [0x00000007b0000000, 0x00000007b6700000, 0x00000007c0000000)
  object space 105472K, 63% used [0x00000007b0000000,0x00000007b412a100,0x00000007b6700000)
}
Event: 1706.676 GC heap before
{Heap before GC invocations=66 (full 7):
 PSYoungGen      total 207872K, used 207851K [0x00000007eaa80000, 0x0000000800000000, 0x0000000800000000)
  eden space 143360K, 100% used [0x00000007eaa80000,0x00000007f3680000,0x00000007f3680000)
  from space 64512K, 99% used [0x00000007f9100000,0x00000007fcffae88,0x00000007fd000000)
  to   space 92672K, 0% used [0x00000007f3680000,0x00000007f3680000,0x00000007f9100000)
 ParOldGen       total 477696K, used 243960K [0x00000007c0000000, 0x00000007dd280000, 0x00000007eaa80000)
  object space 477696K, 51% used [0x00000007c0000000,0x00000007cee3e100,0x00000007dd280000)
 PSPermGen       total 105472K, used 67498K [0x00000007b0000000, 0x00000007b6700000, 0x00000007c0000000)
  object space 105472K, 63% used [0x00000007b0000000,0x00000007b41ea9f8,0x00000007b6700000)
Event: 1706.789 GC heap after
Heap after GC invocations=66 (full 7):
 PSYoungGen      total 236032K, used 91764K [0x00000007eaa80000, 0x0000000800000000, 0x0000000800000000)
  eden space 143360K, 0% used [0x00000007eaa80000,0x00000007eaa80000,0x00000007f3680000)
  from space 92672K, 99% used [0x00000007f3680000,0x00000007f901d3d8,0x00000007f9100000)
  to   space 108032K, 0% used [0x00000007f9680000,0x00000007f9680000,0x0000000800000000)
 ParOldGen       total 477696K, used 244160K [0x00000007c0000000, 0x00000007dd280000, 0x00000007eaa80000)
  object space 477696K, 51% used [0x00000007c0000000,0x00000007cee70110,0x00000007dd280000)
 PSPermGen       total 105472K, used 67498K [0x00000007b0000000, 0x00000007b6700000, 0x00000007c0000000)
  object space 105472K, 63% used [0x00000007b0000000,0x00000007b41ea9f8,0x00000007b6700000)
}
Event: 1708.131 GC heap before
{Heap before GC invocations=67 (full 7):
 PSYoungGen      total 236032K, used 235124K [0x00000007eaa80000, 0x0000000800000000, 0x0000000800000000)
  eden space 143360K, 100% used [0x00000007eaa80000,0x00000007f3680000,0x00000007f3680000)
  from space 92672K, 99% used [0x00000007f3680000,0x00000007f901d3d8,0x00000007f9100000)
  to   space 108032K, 0% used [0x00000007f9680000,0x00000007f9680000,0x0000000800000000)
 ParOldGen       total 477696K, used 244160K [0x00000007c0000000, 0x00000007dd280000, 0x00000007eaa80000)
  object space 477696K, 51% used [0x00000007c0000000,0x00000007cee70110,0x00000007dd280000)
 PSPermGen       total 105472K, used 67542K [0x00000007b0000000, 0x00000007b6700000, 0x00000007c0000000)
  object space 105472K, 64% used [0x00000007b0000000,0x00000007b41f5948,0x00000007b6700000)
Event: 1708.244 GC heap after
Heap after GC invocations=67 (full 7):
 PSYoungGen      total 225280K, used 97128K [0x00000007eaa80000, 0x0000000800000000, 0x0000000800000000)
  eden space 117248K, 0% used [0x00000007eaa80000,0x00000007eaa80000,0x00000007f1d00000)
  from space 108032K, 89% used [0x00000007f9680000,0x00000007ff55a358,0x0000000800000000)
  to   space 116224K, 0% used [0x00000007f1d00000,0x00000007f1d00000,0x00000007f8e80000)
 ParOldGen       total 477696K, used 244160K [0x00000007c0000000, 0x00000007dd280000, 0x00000007eaa80000)
  object space 477696K, 51% used [0x00000007c0000000,0x00000007cee70110,0x00000007dd280000)
 PSPermGen       total 105472K, used 67542K [0x00000007b0000000, 0x00000007b6700000, 0x00000007c0000000)
  object space 105472K, 64% used [0x00000007b0000000,0x00000007b41f5948,0x00000007b6700000)
}
Event: 1713.245 GC heap before
{Heap before GC invocations=68 (full 7):
 PSYoungGen      total 225280K, used 214376K [0x00000007eaa80000, 0x0000000800000000, 0x0000000800000000)
  eden space 117248K, 100% used [0x00000007eaa80000,0x00000007f1d00000,0x00000007f1d00000)
  from space 108032K, 89% used [0x00000007f9680000,0x00000007ff55a358,0x0000000800000000)
  to   space 116224K, 0% used [0x00000007f1d00000,0x00000007f1d00000,0x00000007f8e80000)
 ParOldGen       total 477696K, used 244160K [0x00000007c0000000, 0x00000007dd280000, 0x00000007eaa80000)
  object space 477696K, 51% used [0x00000007c0000000,0x00000007cee70110,0x00000007dd280000)
 PSPermGen       total 105472K, used 67547K [0x00000007b0000000, 0x00000007b6700000, 0x00000007c0000000)
  object space 105472K, 64% used [0x00000007b0000000,0x00000007b41f6fe0,0x00000007b6700000)
Event: 1713.364 GC heap after
Heap after GC invocations=68 (full 7):
 PSYoungGen      total 233472K, used 116195K [0x00000007eaa80000, 0x0000000800000000, 0x0000000800000000)
  eden space 117248K, 0% used [0x00000007eaa80000,0x00000007eaa80000,0x00000007f1d00000)
  from space 116224K, 99% used [0x00000007f1d00000,0x00000007f8e78e20,0x00000007f8e80000)
  to   space 116224K, 0% used [0x00000007f8e80000,0x00000007f8e80000,0x0000000800000000)
 ParOldGen       total 477696K, used 257578K [0x00000007c0000000, 0x00000007dd280000, 0x00000007eaa80000)
  object space 477696K, 53% used [0x00000007c0000000,0x00000007cfb8a8c0,0x00000007dd280000)
 PSPermGen       total 105472K, used 67547K [0x00000007b0000000, 0x00000007b6700000, 0x00000007c0000000)
  object space 105472K, 64% used [0x00000007b0000000,0x00000007b41f6fe0,0x00000007b6700000)
}
Event: 1713.690 GC heap before
{Heap before GC invocations=69 (full 7):
 PSYoungGen      total 233472K, used 233443K [0x00000007eaa80000, 0x0000000800000000, 0x0000000800000000)
  eden space 117248K, 100% used [0x00000007eaa80000,0x00000007f1d00000,0x00000007f1d00000)
  from space 116224K, 99% used [0x00000007f1d00000,0x00000007f8e78e20,0x00000007f8e80000)
  to   space 116224K, 0% used [0x00000007f8e80000,0x00000007f8e80000,0x0000000800000000)
 ParOldGen       total 477696K, used 257578K [0x00000007c0000000, 0x00000007dd280000, 0x00000007eaa80000)
  object space 477696K, 53% used [0x00000007c0000000,0x00000007cfb8a8c0,0x00000007dd280000)
 PSPermGen       total 105472K, used 67548K [0x00000007b0000000, 0x00000007b6700000, 0x00000007c0000000)
  object space 105472K, 64% used [0x00000007b0000000,0x00000007b41f71e8,0x00000007b6700000)
Event: 1713.939 GC heap after
Heap after GC invocations=69 (full 7):
 PSYoungGen      total 233472K, used 233443K [0x00000007eaa80000, 0x0000000800000000, 0x0000000800000000)
  eden space 117248K, 100% used [0x00000007eaa80000,0x00000007f1d00000,0x00000007f1d00000)
  from space 116224K, 99% used [0x00000007f1d00000,0x00000007f8e78e20,0x00000007f8e80000)
  to   space 116224K, 99% used [0x00000007f8e80000,0x00000007ffffb558,0x0000000800000000)
 ParOldGen       total 698880K, used 304709K [0x00000007c0000000, 0x00000007eaa80000, 0x00000007eaa80000)
  object space 698880K, 43% used [0x00000007c0000000,0x00000007d29917b8,0x00000007eaa80000)
 PSPermGen       total 105472K, used 67548K [0x00000007b0000000, 0x00000007b6700000, 0x00000007c0000000)
  object space 105472K, 64% used [0x00000007b0000000,0x00000007b41f71e8,0x00000007b6700000)
}
Event: 1713.939 GC heap before
{Heap before GC invocations=70 (full 8):
 PSYoungGen      total 233472K, used 233443K [0x00000007eaa80000, 0x0000000800000000, 0x0000000800000000)
  eden space 117248K, 100% used [0x00000007eaa80000,0x00000007f1d00000,0x00000007f1d00000)
  from space 116224K, 99% used [0x00000007f1d00000,0x00000007f8e78e20,0x00000007f8e80000)
  to   space 116224K, 99% used [0x00000007f8e80000,0x00000007ffffb558,0x0000000800000000)
 ParOldGen       total 698880K, used 304709K [0x00000007c0000000, 0x00000007eaa80000, 0x00000007eaa80000)
  object space 698880K, 43% used [0x00000007c0000000,0x00000007d29917b8,0x00000007eaa80000)
 PSPermGen       total 105472K, used 67548K [0x00000007b0000000, 0x00000007b6700000, 0x00000007c0000000)
  object space 105472K, 64% used [0x00000007b0000000,0x00000007b41f71e8,0x00000007b6700000)

Deoptimization events (10 events):
Event: 1707.232 Thread 0x00007f8bb35d9800 Uncommon trap: reason=class_check action=maybe_recompile pc=0x0000000103195e40 method=com.sun.tools.javac.code.Types.resultSubtype(Lcom/sun/tools/javac/code/Type;Lcom/sun/tools/javac/code/Type;Lcom/sun/tools/javac/util/Warner;)Z @ 1
Event: 1707.305 Thread 0x00007f8bb35d9800 Uncommon trap: reason=bimorphic action=maybe_recompile pc=0x0000000103165c48 method=com.sun.tools.javac.comp.Resolve.findVar(Lcom/sun/tools/javac/comp/Env;Lcom/sun/tools/javac/util/Name;)Lcom/sun/tools/javac/code/Symbol; @ 140
Event: 1707.568 Thread 0x00007f8bb35d9800 Uncommon trap: reason=bimorphic action=maybe_recompile pc=0x0000000102ea60d8 method=com.sun.tools.javac.comp.Flow.scanDef(Lcom/sun/tools/javac/tree/JCTree;)V @ 10
Event: 1707.618 Thread 0x00007f8bb35d9800 Uncommon trap: reason=class_check action=maybe_recompile pc=0x00000001032461c4 method=com.sun.tools.javac.jvm.Gen.visitSelect(Lcom/sun/tools/javac/tree/JCTree$JCFieldAccess;)V @ 205
Event: 1707.697 Thread 0x00007f8bb35d9800 Uncommon trap: reason=class_check action=maybe_recompile pc=0x00000001032461c4 method=com.sun.tools.javac.jvm.Gen.visitSelect(Lcom/sun/tools/javac/tree/JCTree$JCFieldAccess;)V @ 205
Event: 1708.490 Thread 0x00007f8bb35d9800 Uncommon trap: reason=bimorphic action=maybe_recompile pc=0x0000000103886678 method=java.nio.charset.CharsetDecoder.decode(Ljava/nio/ByteBuffer;Ljava/nio/CharBuffer;Z)Ljava/nio/charset/CoderResult; @ 57
Event: 1708.490 Thread 0x00007f8bb35d9800 Uncommon trap: reason=bimorphic action=maybe_recompile pc=0x0000000103886678 method=java.nio.charset.CharsetDecoder.decode(Ljava/nio/ByteBuffer;Ljava/nio/CharBuffer;Z)Ljava/nio/charset/CoderResult; @ 57
Event: 1708.490 Thread 0x00007f8bb35d9800 Uncommon trap: reason=bimorphic action=maybe_recompile pc=0x0000000103886678 method=java.nio.charset.CharsetDecoder.decode(Ljava/nio/ByteBuffer;Ljava/nio/CharBuffer;Z)Ljava/nio/charset/CoderResult; @ 57
Event: 1708.490 Thread 0x00007f8bb35d9800 Uncommon trap: reason=bimorphic action=maybe_recompile pc=0x0000000103886678 method=java.nio.charset.CharsetDecoder.decode(Ljava/nio/ByteBuffer;Ljava/nio/CharBuffer;Z)Ljava/nio/charset/CoderResult; @ 57
Event: 1713.010 Thread 0x00007f8bb35d9800 Uncommon trap: reason=unreached action=reinterpret pc=0x0000000103809d40 method=com.sun.org.apache.xerces.internal.jaxp.SAXParserImpl.setFeatures(Ljava/util/Hashtable;)V @ 1

Internal exceptions (10 events):
Event: 1705.842 Thread 0x00007f8bb35d9800 Threw 0x00000007eb4df190 at /HUDSON/workspace/7u-2-build-macosx-x86_64/jdk7u79/2331/hotspot/src/share/vm/prims/jvm.cpp:1304
Event: 1705.843 Thread 0x00007f8bb35d9800 Threw 0x00000007eb4e9ad0 at /HUDSON/workspace/7u-2-build-macosx-x86_64/jdk7u79/2331/hotspot/src/share/vm/prims/jvm.cpp:1304
Event: 1705.843 Thread 0x00007f8bb35d9800 Threw 0x00000007eb4f1f58 at /HUDSON/workspace/7u-2-build-macosx-x86_64/jdk7u79/2331/hotspot/src/share/vm/prims/jvm.cpp:1304
Event: 1705.843 Thread 0x00007f8bb35d9800 Threw 0x00000007eb4fa510 at /HUDSON/workspace/7u-2-build-macosx-x86_64/jdk7u79/2331/hotspot/src/share/vm/prims/jvm.cpp:1304
Event: 1705.844 Thread 0x00007f8bb35d9800 Threw 0x00000007eb502938 at /HUDSON/workspace/7u-2-build-macosx-x86_64/jdk7u79/2331/hotspot/src/share/vm/prims/jvm.cpp:1304
Event: 1705.845 Thread 0x00007f8bb35d9800 Threw 0x00000007eb5122d8 at /HUDSON/workspace/7u-2-build-macosx-x86_64/jdk7u79/2331/hotspot/src/share/vm/prims/jvm.cpp:1304
Event: 1705.846 Thread 0x00007f8bb35d9800 Threw 0x00000007eb529ec8 at /HUDSON/workspace/7u-2-build-macosx-x86_64/jdk7u79/2331/hotspot/src/share/vm/prims/jvm.cpp:1304
Event: 1705.848 Thread 0x00007f8bb35d9800 Threw 0x00000007eb550520 at /HUDSON/workspace/7u-2-build-macosx-x86_64/jdk7u79/2331/hotspot/src/share/vm/prims/jvm.cpp:1304
Event: 1705.850 Thread 0x00007f8bb35d9800 Threw 0x00000007eb573168 at /HUDSON/workspace/7u-2-build-macosx-x86_64/jdk7u79/2331/hotspot/src/share/vm/prims/jvm.cpp:1304
Event: 1713.010 Thread 0x00007f8bb35d9800 Implicit null exception at 0x0000000103809710 to 0x0000000103809d2d

Events (10 events):
Event: 1708.490 Thread 0x00007f8bb35d9800 DEOPT UNPACKING pc=0x000000010289c045 sp=0x000000010cd236e0 mode 2
Event: 1708.490 Thread 0x00007f8bb35d9800 Uncommon trap: trap_request=0xffffffc6 fr.pc=0x0000000103886678
Event: 1708.490 Thread 0x00007f8bb35d9800 DEOPT PACKING pc=0x0000000103886678 sp=0x000000010cd23710
Event: 1708.490 Thread 0x00007f8bb35d9800 DEOPT UNPACKING pc=0x000000010289c045 sp=0x000000010cd236e0 mode 2
Event: 1713.010 Thread 0x00007f8bb35d9800 Uncommon trap: trap_request=0xffffffad fr.pc=0x0000000103809d40
Event: 1713.010 Thread 0x00007f8bb35d9800 DEOPT PACKING pc=0x0000000103809d40 sp=0x000000010cd23d80
Event: 1713.010 Thread 0x00007f8bb35d9800 DEOPT UNPACKING pc=0x000000010289c045 sp=0x000000010cd23d38 mode 2
Event: 1713.245 Executing VM operation: ParallelGCFailedAllocation
Event: 1713.365 Executing VM operation: ParallelGCFailedAllocation done
Event: 1713.690 Executing VM operation: ParallelGCFailedAllocation


Dynamic libraries:
0x000000000ba2e000 	/System/Library/Frameworks/Cocoa.framework/Versions/A/Cocoa
0x000000000ba2e000 	/System/Library/Frameworks/Security.framework/Versions/A/Security
0x000000000ba2e000 	/System/Library/Frameworks/ApplicationServices.framework/Versions/A/ApplicationServices
0x000000000ba2e000 	/usr/lib/libz.1.dylib
0x000000000ba2e000 	/usr/lib/libSystem.B.dylib
0x000000000ba2e000 	/usr/lib/libobjc.A.dylib
0x000000000ba2e000 	/System/Library/Frameworks/CoreFoundation.framework/Versions/A/CoreFoundation
0x000000000ba2e000 	/System/Library/Frameworks/Foundation.framework/Versions/C/Foundation
0x000000000ba2e000 	/System/Library/Frameworks/AppKit.framework/Versions/C/AppKit
0x000000000ba2e000 	/System/Library/Frameworks/CoreData.framework/Versions/A/CoreData
0x000000000ba2e000 	/System/Library/PrivateFrameworks/RemoteViewServices.framework/Versions/A/RemoteViewServices
0x000000000ba2e000 	/System/Library/PrivateFrameworks/UIFoundation.framework/Versions/A/UIFoundation
0x000000000ba2e000 	/System/Library/Frameworks/IOSurface.framework/Versions/A/IOSurface
0x000000000ba2e000 	/System/Library/Frameworks/AudioToolbox.framework/Versions/A/AudioToolbox
0x000000000ba2e000 	/System/Library/Frameworks/AudioUnit.framework/Versions/A/AudioUnit
0x000000000ba2e000 	/System/Library/PrivateFrameworks/DataDetectorsCore.framework/Versions/A/DataDetectorsCore
0x000000000ba2e000 	/System/Library/PrivateFrameworks/DesktopServicesPriv.framework/Versions/A/DesktopServicesPriv
0x000000000ba2e000 	/System/Library/Frameworks/Carbon.framework/Versions/A/Frameworks/HIToolbox.framework/Versions/A/HIToolbox
0x000000000ba2e000 	/System/Library/Frameworks/QuartzCore.framework/Versions/A/QuartzCore
0x000000000ba2e000 	/System/Library/Frameworks/Carbon.framework/Versions/A/Frameworks/SpeechRecognition.framework/Versions/A/SpeechRecognition
0x000000000ba2e000 	/usr/lib/libauto.dylib
0x000000000ba2e000 	/usr/lib/libicucore.A.dylib
0x000000000ba2e000 	/usr/lib/libxml2.2.dylib
0x000000000ba2e000 	/System/Library/PrivateFrameworks/CoreUI.framework/Versions/A/CoreUI
0x000000000ba2e000 	/System/Library/Frameworks/CoreAudio.framework/Versions/A/CoreAudio
0x000000000ba2e000 	/System/Library/Frameworks/DiskArbitration.framework/Versions/A/DiskArbitration
0x000000000ba2e000 	/usr/lib/liblangid.dylib
0x000000000ba2e000 	/System/Library/PrivateFrameworks/MultitouchSupport.framework/Versions/A/MultitouchSupport
0x000000000ba2e000 	/System/Library/Frameworks/IOKit.framework/Versions/A/IOKit
0x000000000ba2e000 	/usr/lib/libDiagnosticMessagesClient.dylib
0x000000000ba2e000 	/System/Library/Frameworks/CoreServices.framework/Versions/A/CoreServices
0x000000000ba2e000 	/System/Library/PrivateFrameworks/PerformanceAnalysis.framework/Versions/A/PerformanceAnalysis
0x000000000ba2e000 	/System/Library/PrivateFrameworks/GenerationalStorage.framework/Versions/A/GenerationalStorage
0x000000000ba2e000 	/System/Library/Frameworks/OpenGL.framework/Versions/A/OpenGL
0x000000000ba2e000 	/System/Library/PrivateFrameworks/Sharing.framework/Versions/A/Sharing
0x000000000ba2e000 	/System/Library/Frameworks/CoreGraphics.framework/Versions/A/CoreGraphics
0x000000000ba2e000 	/System/Library/Frameworks/CoreText.framework/Versions/A/CoreText
0x000000000ba2e000 	/System/Library/Frameworks/ImageIO.framework/Versions/A/ImageIO
0x000000000ba2e000 	/usr/lib/libextension.dylib
0x000000000ba2e000 	/System/Library/PrivateFrameworks/Backup.framework/Versions/A/Backup
0x000000000ba2e000 	/usr/lib/libarchive.2.dylib
0x000000000ba2e000 	/System/Library/Frameworks/CFNetwork.framework/Versions/A/CFNetwork
0x000000000ba2e000 	/System/Library/Frameworks/SystemConfiguration.framework/Versions/A/SystemConfiguration
0x000000000ba2e000 	/usr/lib/libCRFSuite.dylib
0x000000000ba2e000 	/usr/lib/libc++.1.dylib
0x000000000ba2e000 	/usr/lib/libc++abi.dylib
0x000000000ba2e000 	/usr/lib/system/libcache.dylib
0x000000000ba2e000 	/usr/lib/system/libcommonCrypto.dylib
0x000000000ba2e000 	/usr/lib/system/libcompiler_rt.dylib
0x000000000ba2e000 	/usr/lib/system/libcopyfile.dylib
0x000000000ba2e000 	/usr/lib/system/libcorecrypto.dylib
0x000000000ba2e000 	/usr/lib/system/libdispatch.dylib
0x000000000ba2e000 	/usr/lib/system/libdyld.dylib
0x000000000ba2e000 	/usr/lib/system/libkeymgr.dylib
0x000000000ba2e000 	/usr/lib/system/liblaunch.dylib
0x000000000ba2e000 	/usr/lib/system/libmacho.dylib
0x000000000ba2e000 	/usr/lib/system/libquarantine.dylib
0x000000000ba2e000 	/usr/lib/system/libremovefile.dylib
0x000000000ba2e000 	/usr/lib/system/libsystem_asl.dylib
0x000000000ba2e000 	/usr/lib/system/libsystem_blocks.dylib
0x000000000ba2e000 	/usr/lib/system/libsystem_c.dylib
0x000000000ba2e000 	/usr/lib/system/libsystem_configuration.dylib
0x000000000ba2e000 	/usr/lib/system/libsystem_coreservices.dylib
0x000000000ba2e000 	/usr/lib/system/libsystem_coretls.dylib
0x000000000ba2e000 	/usr/lib/system/libsystem_dnssd.dylib
0x000000000ba2e000 	/usr/lib/system/libsystem_info.dylib
0x000000000ba2e000 	/usr/lib/system/libsystem_kernel.dylib
0x000000000ba2e000 	/usr/lib/system/libsystem_m.dylib
0x000000000ba2e000 	/usr/lib/system/libsystem_malloc.dylib
0x000000000ba2e000 	/usr/lib/system/libsystem_network.dylib
0x000000000ba2e000 	/usr/lib/system/libsystem_networkextension.dylib
0x000000000ba2e000 	/usr/lib/system/libsystem_notify.dylib
0x000000000ba2e000 	/usr/lib/system/libsystem_platform.dylib
0x000000000ba2e000 	/usr/lib/system/libsystem_pthread.dylib
0x000000000ba2e000 	/usr/lib/system/libsystem_sandbox.dylib
0x000000000ba2e000 	/usr/lib/system/libsystem_secinit.dylib
0x000000000ba2e000 	/usr/lib/system/libsystem_stats.dylib
0x000000000ba2e000 	/usr/lib/system/libsystem_trace.dylib
0x000000000ba2e000 	/usr/lib/system/libunc.dylib
0x000000000ba2e000 	/usr/lib/system/libunwind.dylib
0x000000000ba2e000 	/usr/lib/system/libxpc.dylib
0x000000000ba2e000 	/usr/lib/libbz2.1.0.dylib
0x000000000ba2e000 	/usr/lib/liblzma.5.dylib
0x000000000ba2e000 	/usr/lib/libbsm.0.dylib
0x000000000ba2e000 	/usr/lib/libsqlite3.dylib
0x000000000ba2e000 	/usr/lib/system/libkxld.dylib
0x000000000ba2e000 	/usr/lib/libxar.1.dylib
0x000000000ba2e000 	/usr/lib/libpam.2.dylib
0x000000000ba2e000 	/usr/lib/libOpenScriptingUtil.dylib
0x000000000ba2e000 	/System/Library/Frameworks/CoreServices.framework/Versions/A/Frameworks/FSEvents.framework/Versions/A/FSEvents
0x000000000ba2e000 	/System/Library/Frameworks/CoreServices.framework/Versions/A/Frameworks/CarbonCore.framework/Versions/A/CarbonCore
0x000000000ba2e000 	/System/Library/Frameworks/CoreServices.framework/Versions/A/Frameworks/Metadata.framework/Versions/A/Metadata
0x000000000ba2e000 	/System/Library/Frameworks/CoreServices.framework/Versions/A/Frameworks/OSServices.framework/Versions/A/OSServices
0x000000000ba2e000 	/System/Library/Frameworks/CoreServices.framework/Versions/A/Frameworks/SearchKit.framework/Versions/A/SearchKit
0x000000000ba2e000 	/System/Library/Frameworks/CoreServices.framework/Versions/A/Frameworks/AE.framework/Versions/A/AE
0x000000000ba2e000 	/System/Library/Frameworks/CoreServices.framework/Versions/A/Frameworks/LaunchServices.framework/Versions/A/LaunchServices
0x000000000ba2e000 	/System/Library/Frameworks/CoreServices.framework/Versions/A/Frameworks/DictionaryServices.framework/Versions/A/DictionaryServices
0x000000000ba2e000 	/System/Library/Frameworks/NetFS.framework/Versions/A/NetFS
0x000000000ba2e000 	/System/Library/PrivateFrameworks/NetAuth.framework/Versions/A/NetAuth
0x000000000ba2e000 	/System/Library/PrivateFrameworks/login.framework/Versions/A/Frameworks/loginsupport.framework/Versions/A/loginsupport
0x000000000ba2e000 	/System/Library/PrivateFrameworks/TCC.framework/Versions/A/TCC
0x000000000ba2e000 	/usr/lib/libmecabra.dylib
0x000000000ba2e000 	/System/Library/Frameworks/ApplicationServices.framework/Versions/A/Frameworks/ATS.framework/Versions/A/ATS
0x000000000ba2e000 	/System/Library/Frameworks/ApplicationServices.framework/Versions/A/Frameworks/ColorSync.framework/Versions/A/ColorSync
0x000000000ba2e000 	/System/Library/Frameworks/ApplicationServices.framework/Versions/A/Frameworks/HIServices.framework/Versions/A/HIServices
0x000000000ba2e000 	/System/Library/Frameworks/ApplicationServices.framework/Versions/A/Frameworks/LangAnalysis.framework/Versions/A/LangAnalysis
0x000000000ba2e000 	/System/Library/Frameworks/ApplicationServices.framework/Versions/A/Frameworks/PrintCore.framework/Versions/A/PrintCore
0x000000000ba2e000 	/System/Library/Frameworks/ApplicationServices.framework/Versions/A/Frameworks/QD.framework/Versions/A/QD
0x000000000ba2e000 	/System/Library/Frameworks/ApplicationServices.framework/Versions/A/Frameworks/SpeechSynthesis.framework/Versions/A/SpeechSynthesis
0x000000000ba2e000 	/System/Library/Frameworks/Accelerate.framework/Versions/A/Accelerate
0x000000000ba2e000 	/System/Library/Frameworks/Accelerate.framework/Versions/A/Frameworks/vImage.framework/Versions/A/vImage
0x000000000ba2e000 	/System/Library/Frameworks/Accelerate.framework/Versions/A/Frameworks/vecLib.framework/Versions/A/vecLib
0x000000000ba2e000 	/System/Library/Frameworks/Accelerate.framework/Versions/A/Frameworks/vecLib.framework/Versions/A/libvDSP.dylib
0x000000000ba2e000 	/System/Library/Frameworks/Accelerate.framework/Versions/A/Frameworks/vecLib.framework/Versions/A/libvMisc.dylib
0x000000000ba2e000 	/System/Library/Frameworks/Accelerate.framework/Versions/A/Frameworks/vecLib.framework/Versions/A/libLAPACK.dylib
0x000000000ba2e000 	/System/Library/Frameworks/Accelerate.framework/Versions/A/Frameworks/vecLib.framework/Versions/A/libBLAS.dylib
0x000000000ba2e000 	/System/Library/Frameworks/Accelerate.framework/Versions/A/Frameworks/vecLib.framework/Versions/A/libLinearAlgebra.dylib
0x000000000ba2e000 	/System/Library/Frameworks/ApplicationServices.framework/Versions/A/Frameworks/ATS.framework/Versions/A/Resources/libFontParser.dylib
0x000000000ba2e000 	/System/Library/Frameworks/ApplicationServices.framework/Versions/A/Frameworks/ATS.framework/Versions/A/Resources/libFontRegistry.dylib
0x000000000ba2e000 	/System/Library/PrivateFrameworks/AppleVPA.framework/Versions/A/AppleVPA
0x000000000ba2e000 	/System/Library/PrivateFrameworks/AppleJPEG.framework/Versions/A/AppleJPEG
0x000000000ba2e000 	/System/Library/Frameworks/ImageIO.framework/Versions/A/Resources/libJPEG.dylib
0x000000000ba2e000 	/System/Library/Frameworks/ImageIO.framework/Versions/A/Resources/libTIFF.dylib
0x000000000ba2e000 	/System/Library/Frameworks/ImageIO.framework/Versions/A/Resources/libPng.dylib
0x000000000ba2e000 	/System/Library/Frameworks/ImageIO.framework/Versions/A/Resources/libGIF.dylib
0x000000000ba2e000 	/System/Library/Frameworks/ImageIO.framework/Versions/A/Resources/libJP2.dylib
0x000000000ba2e000 	/System/Library/Frameworks/ImageIO.framework/Versions/A/Resources/libRadiance.dylib
0x000000000ba2e000 	/System/Library/Frameworks/CoreVideo.framework/Versions/A/CoreVideo
0x000000000ba2e000 	/System/Library/Frameworks/OpenGL.framework/Versions/A/Libraries/libGLU.dylib
0x000000000ba2e000 	/System/Library/Frameworks/OpenGL.framework/Versions/A/Libraries/libGFXShared.dylib
0x000000000ba2e000 	/System/Library/Frameworks/OpenGL.framework/Versions/A/Libraries/libGL.dylib
0x000000000ba2e000 	/System/Library/Frameworks/OpenGL.framework/Versions/A/Libraries/libGLImage.dylib
0x000000000ba2e000 	/System/Library/Frameworks/OpenGL.framework/Versions/A/Libraries/libCVMSPluginSupport.dylib
0x000000000ba2e000 	/System/Library/Frameworks/OpenGL.framework/Versions/A/Libraries/libCoreVMClient.dylib
0x000000000ba2e000 	/usr/lib/libcups.2.dylib
0x000000000ba2e000 	/System/Library/Frameworks/Kerberos.framework/Versions/A/Kerberos
0x000000000ba2e000 	/System/Library/Frameworks/GSS.framework/Versions/A/GSS
0x000000000ba2e000 	/usr/lib/libresolv.9.dylib
0x000000000ba2e000 	/usr/lib/libiconv.2.dylib
0x000000000ba2e000 	/System/Library/PrivateFrameworks/Heimdal.framework/Versions/A/Heimdal
0x000000000ba2e000 	/usr/lib/libheimdal-asn1.dylib
0x000000000ba2e000 	/System/Library/Frameworks/OpenDirectory.framework/Versions/A/OpenDirectory
0x000000000ba2e000 	/System/Library/PrivateFrameworks/CommonAuth.framework/Versions/A/CommonAuth
0x000000000ba2e000 	/System/Library/Frameworks/OpenDirectory.framework/Versions/A/Frameworks/CFOpenDirectory.framework/Versions/A/CFOpenDirectory
0x000000000ba2e000 	/System/Library/Frameworks/SecurityFoundation.framework/Versions/A/SecurityFoundation
0x000000000ba2e000 	/System/Library/PrivateFrameworks/LanguageModeling.framework/Versions/A/LanguageModeling
0x000000000ba2e000 	/usr/lib/libcmph.dylib
0x000000000ba2e000 	/System/Library/Frameworks/ServiceManagement.framework/Versions/A/ServiceManagement
0x000000000ba2e000 	/usr/lib/libxslt.1.dylib
0x000000000ba2e000 	/System/Library/Frameworks/Carbon.framework/Versions/A/Frameworks/Ink.framework/Versions/A/Ink
0x000000000ba2e000 	/System/Library/Frameworks/QuartzCore.framework/Versions/A/Frameworks/CoreImage.framework/Versions/A/CoreImage
0x000000000ba2e000 	/System/Library/PrivateFrameworks/CrashReporterSupport.framework/Versions/A/CrashReporterSupport
0x000000000ba2e000 	/System/Library/Frameworks/OpenCL.framework/Versions/A/OpenCL
0x000000000ba2e000 	/System/Library/PrivateFrameworks/FaceCore.framework/Versions/A/FaceCore
0x000000000ba2e000 	/System/Library/PrivateFrameworks/Ubiquity.framework/Versions/A/Ubiquity
0x000000000ba2e000 	/System/Library/PrivateFrameworks/IconServices.framework/Versions/A/IconServices
0x000000000ba2e000 	/System/Library/PrivateFrameworks/ChunkingLibrary.framework/Versions/A/ChunkingLibrary
0x000000000ba2e000 	/System/Library/PrivateFrameworks/Apple80211.framework/Versions/A/Apple80211
0x000000000ba2e000 	/System/Library/Frameworks/CoreWLAN.framework/Versions/A/CoreWLAN
0x000000000ba2e000 	/System/Library/Frameworks/IOBluetooth.framework/Versions/A/IOBluetooth
0x000000000ba2e000 	/System/Library/PrivateFrameworks/CoreWiFi.framework/Versions/A/CoreWiFi
0x000000000ba2e000 	/System/Library/Frameworks/CoreBluetooth.framework/Versions/A/CoreBluetooth
0x000000000ba2e000 	/System/Library/PrivateFrameworks/DebugSymbols.framework/Versions/A/DebugSymbols
0x000000000ba2e000 	/System/Library/PrivateFrameworks/CoreSymbolication.framework/Versions/A/CoreSymbolication
0x000000000ba2e000 	/System/Library/PrivateFrameworks/Symbolication.framework/Versions/A/Symbolication
0x000000000ba2e000 	/System/Library/PrivateFrameworks/SpeechRecognitionCore.framework/Versions/A/SpeechRecognitionCore
0x0000000101e00000 	/Library/Java/JavaVirtualMachines/jdk1.7.0_79.jdk/Contents/Home/jre/lib/server/libjvm.dylib
0x000000000ba2e000 	/usr/lib/libstdc++.6.dylib
0x00000001015a9000 	/Library/Java/JavaVirtualMachines/jdk1.7.0_79.jdk/Contents/Home/jre/lib/libverify.dylib
0x00000001015b6000 	/Library/Java/JavaVirtualMachines/jdk1.7.0_79.jdk/Contents/Home/jre/lib/libjava.dylib
0x00000001015f0000 	/Library/Java/JavaVirtualMachines/jdk1.7.0_79.jdk/Contents/Home/jre/lib/libzip.dylib
0x000000010a1e2000 	/System/Library/Frameworks/JavaVM.framework/Frameworks/JavaRuntimeSupport.framework/JavaRuntimeSupport
0x000000010a1fa000 	/System/Library/Frameworks/JavaVM.framework/Versions/A/Frameworks/JavaNativeFoundation.framework/Versions/A/JavaNativeFoundation
0x000000010a20f000 	/System/Library/Frameworks/JavaVM.framework/Versions/A/JavaVM
0x000000000ba2e000 	/System/Library/Frameworks/Carbon.framework/Versions/A/Carbon
0x000000010a21c000 	/System/Library/PrivateFrameworks/JavaLaunching.framework/Versions/A/JavaLaunching
0x000000000ba2e000 	/System/Library/Frameworks/Carbon.framework/Versions/A/Frameworks/CommonPanels.framework/Versions/A/CommonPanels
0x000000000ba2e000 	/System/Library/Frameworks/Carbon.framework/Versions/A/Frameworks/Help.framework/Versions/A/Help
0x000000000ba2e000 	/System/Library/Frameworks/Carbon.framework/Versions/A/Frameworks/ImageCapture.framework/Versions/A/ImageCapture
0x000000000ba2e000 	/System/Library/Frameworks/Carbon.framework/Versions/A/Frameworks/OpenScripting.framework/Versions/A/OpenScripting
0x000000000ba2e000 	/System/Library/Frameworks/Carbon.framework/Versions/A/Frameworks/Print.framework/Versions/A/Print
0x000000000ba2e000 	/System/Library/Frameworks/Carbon.framework/Versions/A/Frameworks/SecurityHI.framework/Versions/A/SecurityHI
0x000000010c244000 	/Library/Java/JavaVirtualMachines/jdk1.7.0_79.jdk/Contents/Home/jre/lib/libnet.dylib
0x000000010c2a2000 	/Library/Java/JavaVirtualMachines/jdk1.7.0_79.jdk/Contents/Home/jre/lib/libnio.dylib
0x000000010c2b1000 	/Users/sunil/.gradle/native/19/osx-amd64/libnative-platform.dylib
0x000000010c39b000 	/Library/Java/JavaVirtualMachines/jdk1.7.0_79.jdk/Contents/Home/jre/lib/libmanagement.dylib

VM Arguments:
jvm_args: -XX:MaxPermSize=256m -XX:+HeapDumpOnOutOfMemoryError -Xmx1024m -Dfile.encoding=UTF-8 -Duser.country=US -Duser.language=en -Duser.variant 
java_command: org.gradle.launcher.daemon.bootstrap.GradleDaemon 2.10
Launcher Type: SUN_STANDARD

Environment Variables:
PATH=/usr/bin:/bin:/usr/sbin:/sbin
SHELL=/bin/bash

Signal Handlers:
SIGSEGV: [libjvm.dylib+0x52daf1], sa_mask[0]=0xfffefeff, sa_flags=0x00000043
SIGBUS: [libjvm.dylib+0x52daf1], sa_mask[0]=0xfffefeff, sa_flags=0x00000042
SIGFPE: [libjvm.dylib+0x41f34e], sa_mask[0]=0xfffefeff, sa_flags=0x00000042
SIGPIPE: [libjvm.dylib+0x41f34e], sa_mask[0]=0xfffefeff, sa_flags=0x00000042
SIGXFSZ: [libjvm.dylib+0x41f34e], sa_mask[0]=0xfffefeff, sa_flags=0x00000042
SIGILL: [libjvm.dylib+0x41f34e], sa_mask[0]=0xfffefeff, sa_flags=0x00000042
SIGUSR1: SIG_DFL, sa_mask[0]=0x00000000, sa_flags=0x00000000
SIGUSR2: [libjvm.dylib+0x41ee40], sa_mask[0]=0x00000004, sa_flags=0x00000042
SIGHUP: [libjvm.dylib+0x41d0d1], sa_mask[0]=0xfffefeff, sa_flags=0x00000042
SIGINT: [libjvm.dylib+0x41d0d1], sa_mask[0]=0xfffefeff, sa_flags=0x00000042
SIGTERM: [libjvm.dylib+0x41d0d1], sa_mask[0]=0xfffefeff, sa_flags=0x00000042
SIGQUIT: [libjvm.dylib+0x41d0d1], sa_mask[0]=0xfffefeff, sa_flags=0x00000042


---------------  S Y S T E M  ---------------

OS:Bsduname:Darwin 14.5.0 Darwin Kernel Version 14.5.0: Wed Jul 29 02:26:53 PDT 2015; root:xnu-2782.40.9~1/RELEASE_X86_64 x86_64
rlimit: STACK 8192k, CORE 0k, NPROC 709, NOFILE 10240, AS infinity
load average:4.04 2.54 2.08

CPU:total 4 (2 cores per cpu, 2 threads per core) family 6 model 42 stepping 7, cmov, cx8, fxsr, mmx, sse, sse2, sse3, ssse3, sse4.1, sse4.2, popcnt, avx, aes, ht, tsc, tscinvbit

Memory: 4k page, physical 8388608k(2097152k free)

/proc/meminfo:


vm_info: Java HotSpot(TM) 64-Bit Server VM (24.79-b02) for bsd-amd64 JRE (1.7.0_79-b15), built on Apr 10 2015 11:35:04 by "java_re" with gcc 4.2.1 (Based on Apple Inc. build 5658) (LLVM build 2336.11.00)

time: Wed Sep 14 16:47:46 2016
elapsed time: 1714 seconds

