#
# A fatal error has been detected by the Java Runtime Environment:
#
#  SIGSEGV (0xb) at pc=0x000000010f990fbf, pid=1476, tid=20739
#
# JRE version: Java(TM) SE Runtime Environment (7.0_79-b15) (build 1.7.0_79-b15)
# Java VM: Java HotSpot(TM) 64-Bit Server VM (24.79-b02 mixed mode bsd-amd64 compressed oops)
# Problematic frame:
# V  [libjvm.dylib+0x390fbf]  Block::select(PhaseCFG*, Node_List&, GrowableArray<int>&, VectorSet&, unsigned int)+0x1f3
#
# Failed to write core dump. Core dumps have been disabled. To enable core dumping, try "ulimit -c unlimited" before starting Java again
#
# If you would like to submit a bug report, please visit:
#   http://bugreport.java.com/bugreport/crash.jsp
#

---------------  T H R E A D  ---------------

Current thread (0x00007f8f8511d000):  JavaThread "Daemon worker" [_thread_in_vm, id=20739, stack(0x000000011a490000,0x000000011a590000)]

siginfo:si_signo=SIGSEGV: si_errno=0, si_code=1 (SEGV_MAPERR), si_addr=0x0000000000000028

Registers:
RAX=0x0000000000000028, RBX=0x00007f8f84434508, RCX=0x00007f8f84434530, RDX=0x00000007b13e9e40
RSP=0x000000011a585bb0, RBP=0x000000011a585be0, RSI=0x000000004af7e924, RDI=0x00007f8f83603170
R8 =0x00000007ed2af368, R9 =0x00007f8f8511d000, R10=0x000000010fe26960, R11=0x00007f8f83400000
R12=0x00000000000000b6, R13=0x00007f8f8351df40, R14=0x000000004af7e924, R15=0x00007f8f83603170
RIP=0x000000010f990fbf, EFLAGS=0x0000000000010287, ERR=0x0000000000000006
  TRAPNO=0x000000000000000e

Top of Stack: (sp=0x000000011a585bb0)
0x000000011a585bb0:   00007f8f83a0c800 00000007b13e9e40
0x000000011a585bc0:   00000000000000b6 00007f8f8351df40
0x000000011a585bd0:   00000007ed2af368 00007f8f83603170
0x000000011a585be0:   000000011a585c00 000000010f891031
0x000000011a585bf0:   000000011a585c30 00007f8f83a0c920
0x000000011a585c00:   000000011a585c30 000000010f82e4ba
0x000000011a585c10:   00007f8f83a0c928 00007f8f836983b0
0x000000011a585c20:   00007f8f83a0c920 00000000000000b6
0x000000011a585c30:   000000011a585c80 000000010fac8cb5
0x000000011a585c40:   00007f8f83a147e8 4af7e9248511d000
0x000000011a585c50:   4af7e924000000b6 00007f8f8511d000
0x000000011a585c60:   00000000000003f1 00007f8f8351f240
0x000000011a585c70:   00007f8f83a0c920 000000004af7e924
0x000000011a585c80:   000000011a585d70 000000010fac9b87
0x000000011a585c90:   00007f8f8511d000 00000007eba02c10
0x000000011a585ca0:   4af7e92400000020 00007f8f836983b0
0x000000011a585cb0:   000000b61a585d00 00007f8f83a0c928
0x000000011a585cc0:   000000011a585d10 00000007ed2af368
0x000000011a585cd0:   00000007eba0abe0 00007f8f8511d000
0x000000011a585ce0:   0000000000000036 0000000000a5b10e
0x000000011a585cf0:   00000007eba08900 00007f8f83703ca0
0x000000011a585d00:   00007f8f83703d00 0000000000010100
0x000000011a585d10:   00007f8f837315c4 000000011a585cc8
0x000000011a585d20:   000000011a585d09 0000000800000002
0x000000011a585d30:   000000011a585d00 000000010000000e
0x000000011a585d40:   000000011a585a40 00007f8f8511d000
0x000000011a585d50:   00007f8f8511d000 00007f8f83a0c8e8
0x000000011a585d60:   0000000000000000 00007f8f836983b0
0x000000011a585d70:   000000011a585f20 000000010faca11f
0x000000011a585d80:   000000011a585de8 00007f8f00000001
0x000000011a585d90:   00007f8f8511d000 000000010f6a5013
0x000000011a585da0:   000000011a585df0 00007f8f836983b0 

Instructions: (pc=0x000000010f990fbf)
0x000000010f990f9f:   48 8d 0d ea 62 20 00 80 3c 01 00 75 08 41 bc 02
0x000000010f990faf:   00 00 00 eb 53 41 8b 47 20 49 8b 4f 10 41 bc 02
0x000000010f990fbf:   00 00 00 31 d2 eb 3c 48 8b 34 d1 0f b7 7e 2c 83
0x000000010f990fcf:   e7 1f 83 ff 1a 8b 76 28 75 0e 48 8b 7b 50 4c 39 

Register to memory mapping:

RAX=0x0000000000000028 is an unknown value
RBX=0x00007f8f84434508 is an unknown value
RCX=0x00007f8f84434530 is an unknown value
RDX=0x00000007b13e9e40 is an oop
{instance class} 
 - klass: {other class}
RSP=0x000000011a585bb0 is pointing into the stack for thread: 0x00007f8f8511d000
RBP=0x000000011a585be0 is pointing into the stack for thread: 0x00007f8f8511d000
RSI=0x000000004af7e924 is an unknown value
RDI=0x00007f8f83603170 is an unknown value
R8 =0x00000007ed2af368 is an oop
org.gradle.internal.classloader.MutableURLClassLoader 
 - klass: 'org/gradle/internal/classloader/MutableURLClassLoader'
R9 =0x00007f8f8511d000 is a thread
R10=0x000000010fe26960: _ZN19TemplateInterpreter13_active_tableE+0x4000 in /Library/Java/JavaVirtualMachines/jdk1.7.0_79.jdk/Contents/Home/jre/lib/server/libjvm.dylib at 0x000000010f600000
R11=0x00007f8f83400000 is an unknown value
R12=0x00000000000000b6 is an unknown value
R13=0x00007f8f8351df40 is an unknown value
R14=0x000000004af7e924 is an unknown value
R15=0x00007f8f83603170 is an unknown value


Stack: [0x000000011a490000,0x000000011a590000],  sp=0x000000011a585bb0,  free space=982k
Native frames: (J=compiled Java code, j=interpreted, Vv=VM code, C=native code)
V  [libjvm.dylib+0x390fbf]  Block::select(PhaseCFG*, Node_List&, GrowableArray<int>&, VectorSet&, unsigned int)+0x1f3
V  [libjvm.dylib+0x291031]  Hashtable<klassOopDesc*, (unsigned short)256>::new_entry(unsigned int, klassOopDesc*)+0x11
V  [libjvm.dylib+0x22e4ba]  Dictionary::add_klass(Symbol*, Handle, KlassHandle)+0x4c
V  [libjvm.dylib+0x4c8cb5]  SystemDictionary::update_dictionary(int, unsigned int, int, unsigned int, instanceKlassHandle, Handle, Thread*)+0xeb
V  [libjvm.dylib+0x4c9b87]  SystemDictionary::define_instance_class(instanceKlassHandle, Thread*)+0x261
V  [libjvm.dylib+0x4ca11f]  SystemDictionary::resolve_from_stream(Symbol*, Handle, Handle, ClassFileStream*, bool, Thread*)+0x24d
V  [libjvm.dylib+0x330d1c]  jvm_define_class_common(JNIEnv_*, char const*, _jobject*, signed char const*, int, _jobject*, char const*, unsigned char, Thread*)+0x23c
V  [libjvm.dylib+0x330eac]  JVM_DefineClassWithSource+0x77
C  [libjava.dylib+0x1ab8]  Java_java_lang_ClassLoader_defineClass1+0x199
j  java.lang.ClassLoader.defineClass1(Ljava/lang/String;[BIILjava/security/ProtectionDomain;Ljava/lang/String;)Ljava/lang/Class;+0
j  java.lang.ClassLoader.defineClass(Ljava/lang/String;[BIILjava/security/ProtectionDomain;)Ljava/lang/Class;+30
j  java.security.SecureClassLoader.defineClass(Ljava/lang/String;[BIILjava/security/CodeSource;)Ljava/lang/Class;+12
j  java.net.URLClassLoader.defineClass(Ljava/lang/String;Lsun/misc/Resource;)Ljava/lang/Class;+220
j  java.net.URLClassLoader.access$100(Ljava/net/URLClassLoader;Ljava/lang/String;Lsun/misc/Resource;)Ljava/lang/Class;+3
j  java.net.URLClassLoader$1.run()Ljava/lang/Class;+43
j  java.net.URLClassLoader$1.run()Ljava/lang/Object;+1
v  ~StubRoutines::call_stub
V  [libjvm.dylib+0x2dbef8]  JavaCalls::call_helper(JavaValue*, methodHandle*, JavaCallArguments*, Thread*)+0x22a
V  [libjvm.dylib+0x2dbcc8]  JavaCalls::call(JavaValue*, methodHandle, JavaCallArguments*, Thread*)+0x28
V  [libjvm.dylib+0x32f4b8]  JVM_DoPrivileged+0x411
j  java.security.AccessController.doPrivileged(Ljava/security/PrivilegedExceptionAction;Ljava/security/AccessControlContext;)Ljava/lang/Object;+0
j  java.net.URLClassLoader.findClass(Ljava/lang/String;)Ljava/lang/Class;+13
J 208 C2 java.lang.ClassLoader.loadClass(Ljava/lang/String;Z)Ljava/lang/Class; (122 bytes) @ 0x0000000110343800 [0x00000001103434e0+0x320]
j  java.lang.ClassLoader.loadClass(Ljava/lang/String;)Ljava/lang/Class;+3
v  ~StubRoutines::call_stub
V  [libjvm.dylib+0x2dbef8]  JavaCalls::call_helper(JavaValue*, methodHandle*, JavaCallArguments*, Thread*)+0x22a
V  [libjvm.dylib+0x2dc40f]  JavaCalls::call_virtual(JavaValue*, KlassHandle, Symbol*, Symbol*, JavaCallArguments*, Thread*)+0x11b
V  [libjvm.dylib+0x2dc4f8]  JavaCalls::call_virtual(JavaValue*, Handle, KlassHandle, Symbol*, Symbol*, Handle, Thread*)+0x56
V  [libjvm.dylib+0x4cb21a]  SystemDictionary::load_instance_class(Symbol*, Handle, Thread*)+0x300
V  [libjvm.dylib+0x4cab86]  SystemDictionary::resolve_instance_class_or_null(Symbol*, Handle, Handle, Thread*)+0x4bc
V  [libjvm.dylib+0x4cb464]  SystemDictionary::resolve_or_null(Symbol*, Handle, Handle, Thread*)+0x104
V  [libjvm.dylib+0x4cb895]  SystemDictionary::resolve_or_fail(Symbol*, Handle, Handle, bool, Thread*)+0x31
V  [libjvm.dylib+0x328838]  find_class_from_class_loader(JNIEnv_*, Symbol*, unsigned char, Handle, Handle, unsigned char, Thread*)+0x30
V  [libjvm.dylib+0x32facf]  JVM_FindClassFromClass+0x146
C  [libverify.dylib+0x13c5]  load_class_local+0x27
C  [libverify.dylib+0x146c]  load_class_global+0x1b
C  [libverify.dylib+0x14ff]  object_fullinfo_to_classclass+0x3c
C  [libverify.dylib+0x23c5]  merge_fullinfo_types+0x1f8
C  [libverify.dylib+0x559f]  verify_method+0x256b
C  [libverify.dylib+0x7164]  VerifyClassForMajorVersion+0x460
C  [libjava.dylib+0x60a2]  VerifyClassCodesForMajorVersion+0x9
V  [libjvm.dylib+0x52537c]  Verifier::inference_verify(instanceKlassHandle, char*, unsigned long, Thread*)+0x18e
V  [libjvm.dylib+0x525777]  Verifier::verify(instanceKlassHandle, Verifier::Mode, bool, Thread*)+0x20f
V  [libjvm.dylib+0x2b1b1a]  instanceKlass::verify_code(instanceKlassHandle, bool, Thread*)+0x2e
V  [libjvm.dylib+0x2b202b]  instanceKlass::link_class_impl(instanceKlassHandle, bool, Thread*)+0x4cb
V  [libjvm.dylib+0x32dc1b]  JVM_GetClassDeclaredMethods+0xac
j  java.lang.Class.getDeclaredMethods0(Z)[Ljava/lang/reflect/Method;+0
j  java.lang.Class.privateGetDeclaredMethods(Z)[Ljava/lang/reflect/Method;+37
j  java.lang.Class.getDeclaredMethods()[Ljava/lang/reflect/Method;+11
j  org.gradle.internal.reflect.ClassInspector.inspectClass(Ljava/lang/Class;Lorg/gradle/internal/reflect/MutableClassDetails;)V+1
j  org.gradle.internal.reflect.ClassInspector.visitGraph(Ljava/lang/Class;Lorg/gradle/internal/reflect/MutableClassDetails;)V+86
j  org.gradle.internal.reflect.ClassInspector.inspect(Ljava/lang/Class;)Lorg/gradle/internal/reflect/ClassDetails;+11
j  org.gradle.api.internal.AbstractClassGenerator.inspectType(Ljava/lang/Class;Lorg/gradle/api/internal/AbstractClassGenerator$ClassMetaData;)V+1
j  org.gradle.api.internal.AbstractClassGenerator.inspectType(Ljava/lang/Class;)Lorg/gradle/api/internal/AbstractClassGenerator$ClassMetaData;+47
j  org.gradle.api.internal.AbstractClassGenerator.generateUnderLock(Ljava/lang/Class;)Ljava/lang/Class;+135
j  org.gradle.api.internal.AbstractClassGenerator.generate(Ljava/lang/Class;)Ljava/lang/Class;+10
j  org.gradle.api.internal.ClassGeneratorBackedInstantiator.newInstance(Ljava/lang/Class;[Ljava/lang/Object;)Ljava/lang/Object;+13
j  org.gradle.api.internal.artifacts.repositories.DefaultBaseRepositoryFactory.createMavenRepository()Lorg/gradle/api/artifacts/repositories/MavenArtifactRepository;+62
j  org.gradle.api.internal.artifacts.dsl.DefaultRepositoryHandler.maven(Lorg/gradle/api/Action;)Lorg/gradle/api/artifacts/repositories/MavenArtifactRepository;+5
j  org.gradle.api.internal.artifacts.dsl.DefaultRepositoryHandler.maven(Lgroovy/lang/Closure;)Lorg/gradle/api/artifacts/repositories/MavenArtifactRepository;+9
v  ~StubRoutines::call_stub
V  [libjvm.dylib+0x2dbef8]  JavaCalls::call_helper(JavaValue*, methodHandle*, JavaCallArguments*, Thread*)+0x22a
V  [libjvm.dylib+0x2dbcc8]  JavaCalls::call(JavaValue*, methodHandle, JavaCallArguments*, Thread*)+0x28
V  [libjvm.dylib+0x467718]  Reflection::invoke(instanceKlassHandle, methodHandle, Handle, bool, objArrayHandle, BasicType, objArrayHandle, bool, Thread*)+0x9fc
V  [libjvm.dylib+0x467b7e]  Reflection::invoke_method(oopDesc*, Handle, objArrayHandle, Thread*)+0x16e
V  [libjvm.dylib+0x328747]  JVM_InvokeMethod+0x166
j  sun.reflect.NativeMethodAccessorImpl.invoke0(Ljava/lang/reflect/Method;Ljava/lang/Object;[Ljava/lang/Object;)Ljava/lang/Object;+0
j  sun.reflect.NativeMethodAccessorImpl.invoke(Ljava/lang/Object;[Ljava/lang/Object;)Ljava/lang/Object;+87
j  sun.reflect.DelegatingMethodAccessorImpl.invoke(Ljava/lang/Object;[Ljava/lang/Object;)Ljava/lang/Object;+6
j  java.lang.reflect.Method.invoke(Ljava/lang/Object;[Ljava/lang/Object;)Ljava/lang/Object;+57
j  org.codehaus.groovy.reflection.CachedMethod.invoke(Ljava/lang/Object;[Ljava/lang/Object;)Ljava/lang/Object;+6
j  groovy.lang.MetaMethod.doMethodInvoke(Ljava/lang/Object;[Ljava/lang/Object;)Ljava/lang/Object;+9
j  org.codehaus.groovy.runtime.metaclass.ClosureMetaClass.invokeMethod(Ljava/lang/Class;Ljava/lang/Object;Ljava/lang/String;[Ljava/lang/Object;ZZ)Ljava/lang/Object;+806
j  groovy.lang.MetaClassImpl.invokeMethod(Ljava/lang/Object;Ljava/lang/String;[Ljava/lang/Object;)Ljava/lang/Object;+10
j  org.codehaus.groovy.runtime.callsite.PogoMetaClassSite.callCurrent(Lgroovy/lang/GroovyObject;[Ljava/lang/Object;)Ljava/lang/Object;+18
j  org.codehaus.groovy.runtime.callsite.CallSiteArray.defaultCallCurrent(Lorg/codehaus/groovy/runtime/callsite/CallSite;Lgroovy/lang/GroovyObject;[Ljava/lang/Object;)Ljava/lang/Object;+17
j  org.codehaus.groovy.runtime.callsite.AbstractCallSite.callCurrent(Lgroovy/lang/GroovyObject;[Ljava/lang/Object;)Ljava/lang/Object;+3
j  org.codehaus.groovy.runtime.callsite.AbstractCallSite.callCurrent(Lgroovy/lang/GroovyObject;Ljava/lang/Object;)Ljava/lang/Object;+33
j  asLocalRepo0_5qlevgufna0bdic12z00gatdu$_run_closure1$_closure2$_closure4.doCall(Ljava/lang/Object;)Ljava/lang/Object;+21
v  ~StubRoutines::call_stub
V  [libjvm.dylib+0x2dbef8]  JavaCalls::call_helper(JavaValue*, methodHandle*, JavaCallArguments*, Thread*)+0x22a
V  [libjvm.dylib+0x2dbcc8]  JavaCalls::call(JavaValue*, methodHandle, JavaCallArguments*, Thread*)+0x28
V  [libjvm.dylib+0x467718]  Reflection::invoke(instanceKlassHandle, methodHandle, Handle, bool, objArrayHandle, BasicType, objArrayHandle, bool, Thread*)+0x9fc
V  [libjvm.dylib+0x467b7e]  Reflection::invoke_method(oopDesc*, Handle, objArrayHandle, Thread*)+0x16e
V  [libjvm.dylib+0x328747]  JVM_InvokeMethod+0x166
j  sun.reflect.NativeMethodAccessorImpl.invoke0(Ljava/lang/reflect/Method;Ljava/lang/Object;[Ljava/lang/Object;)Ljava/lang/Object;+0
j  sun.reflect.NativeMethodAccessorImpl.invoke(Ljava/lang/Object;[Ljava/lang/Object;)Ljava/lang/Object;+87
j  sun.reflect.DelegatingMethodAccessorImpl.invoke(Ljava/lang/Object;[Ljava/lang/Object;)Ljava/lang/Object;+6
j  java.lang.reflect.Method.invoke(Ljava/lang/Object;[Ljava/lang/Object;)Ljava/lang/Object;+57
j  org.codehaus.groovy.reflection.CachedMethod.invoke(Ljava/lang/Object;[Ljava/lang/Object;)Ljava/lang/Object;+6
j  groovy.lang.MetaMethod.doMethodInvoke(Ljava/lang/Object;[Ljava/lang/Object;)Ljava/lang/Object;+9
j  org.codehaus.groovy.runtime.metaclass.ClosureMetaClass.invokeMethod(Ljava/lang/Class;Ljava/lang/Object;Ljava/lang/String;[Ljava/lang/Object;ZZ)Ljava/lang/Object;+241
j  groovy.lang.MetaClassImpl.invokeMethod(Ljava/lang/Object;Ljava/lang/String;[Ljava/lang/Object;)Ljava/lang/Object;+10
j  groovy.lang.Closure.call([Ljava/lang/Object;)Ljava/lang/Object;+8
j  groovy.lang.Closure.call(Ljava/lang/Object;)Ljava/lang/Object;+9
j  org.gradle.api.internal.ClosureBackedAction.execute(Ljava/lang/Object;)V+80
j  org.gradle.util.ConfigureUtil.configure(Lgroovy/lang/Closure;Ljava/lang/Object;IZ)Ljava/lang/Object;+15
j  org.gradle.util.ConfigureUtil.configure(Lgroovy/lang/Closure;Ljava/lang/Object;Z)Ljava/lang/Object;+4
j  org.gradle.api.internal.artifacts.DefaultArtifactRepositoryContainer.configure(Lgroovy/lang/Closure;)Lorg/gradle/api/internal/artifacts/DefaultArtifactRepositoryContainer;+3
j  org.gradle.api.internal.artifacts.DefaultArtifactRepositoryContainer.configure(Lgroovy/lang/Closure;)Ljava/lang/Object;+2
...<more frames>...

Java frames: (J=compiled Java code, j=interpreted, Vv=VM code)
j  java.lang.ClassLoader.defineClass1(Ljava/lang/String;[BIILjava/security/ProtectionDomain;Ljava/lang/String;)Ljava/lang/Class;+0
j  java.lang.ClassLoader.defineClass(Ljava/lang/String;[BIILjava/security/ProtectionDomain;)Ljava/lang/Class;+30
j  java.security.SecureClassLoader.defineClass(Ljava/lang/String;[BIILjava/security/CodeSource;)Ljava/lang/Class;+12
j  java.net.URLClassLoader.defineClass(Ljava/lang/String;Lsun/misc/Resource;)Ljava/lang/Class;+220
j  java.net.URLClassLoader.access$100(Ljava/net/URLClassLoader;Ljava/lang/String;Lsun/misc/Resource;)Ljava/lang/Class;+3
j  java.net.URLClassLoader$1.run()Ljava/lang/Class;+43
j  java.net.URLClassLoader$1.run()Ljava/lang/Object;+1
v  ~StubRoutines::call_stub
j  java.security.AccessController.doPrivileged(Ljava/security/PrivilegedExceptionAction;Ljava/security/AccessControlContext;)Ljava/lang/Object;+0
j  java.net.URLClassLoader.findClass(Ljava/lang/String;)Ljava/lang/Class;+13
J 208 C2 java.lang.ClassLoader.loadClass(Ljava/lang/String;Z)Ljava/lang/Class; (122 bytes) @ 0x0000000110343800 [0x00000001103434e0+0x320]
j  java.lang.ClassLoader.loadClass(Ljava/lang/String;)Ljava/lang/Class;+3
v  ~StubRoutines::call_stub
j  java.lang.Class.getDeclaredMethods0(Z)[Ljava/lang/reflect/Method;+0
j  java.lang.Class.privateGetDeclaredMethods(Z)[Ljava/lang/reflect/Method;+37
j  java.lang.Class.getDeclaredMethods()[Ljava/lang/reflect/Method;+11
j  org.gradle.internal.reflect.ClassInspector.inspectClass(Ljava/lang/Class;Lorg/gradle/internal/reflect/MutableClassDetails;)V+1
j  org.gradle.internal.reflect.ClassInspector.visitGraph(Ljava/lang/Class;Lorg/gradle/internal/reflect/MutableClassDetails;)V+86
j  org.gradle.internal.reflect.ClassInspector.inspect(Ljava/lang/Class;)Lorg/gradle/internal/reflect/ClassDetails;+11
j  org.gradle.api.internal.AbstractClassGenerator.inspectType(Ljava/lang/Class;Lorg/gradle/api/internal/AbstractClassGenerator$ClassMetaData;)V+1
j  org.gradle.api.internal.AbstractClassGenerator.inspectType(Ljava/lang/Class;)Lorg/gradle/api/internal/AbstractClassGenerator$ClassMetaData;+47
j  org.gradle.api.internal.AbstractClassGenerator.generateUnderLock(Ljava/lang/Class;)Ljava/lang/Class;+135
j  org.gradle.api.internal.AbstractClassGenerator.generate(Ljava/lang/Class;)Ljava/lang/Class;+10
j  org.gradle.api.internal.ClassGeneratorBackedInstantiator.newInstance(Ljava/lang/Class;[Ljava/lang/Object;)Ljava/lang/Object;+13
j  org.gradle.api.internal.artifacts.repositories.DefaultBaseRepositoryFactory.createMavenRepository()Lorg/gradle/api/artifacts/repositories/MavenArtifactRepository;+62
j  org.gradle.api.internal.artifacts.dsl.DefaultRepositoryHandler.maven(Lorg/gradle/api/Action;)Lorg/gradle/api/artifacts/repositories/MavenArtifactRepository;+5
j  org.gradle.api.internal.artifacts.dsl.DefaultRepositoryHandler.maven(Lgroovy/lang/Closure;)Lorg/gradle/api/artifacts/repositories/MavenArtifactRepository;+9
v  ~StubRoutines::call_stub
j  sun.reflect.NativeMethodAccessorImpl.invoke0(Ljava/lang/reflect/Method;Ljava/lang/Object;[Ljava/lang/Object;)Ljava/lang/Object;+0
j  sun.reflect.NativeMethodAccessorImpl.invoke(Ljava/lang/Object;[Ljava/lang/Object;)Ljava/lang/Object;+87
j  sun.reflect.DelegatingMethodAccessorImpl.invoke(Ljava/lang/Object;[Ljava/lang/Object;)Ljava/lang/Object;+6
j  java.lang.reflect.Method.invoke(Ljava/lang/Object;[Ljava/lang/Object;)Ljava/lang/Object;+57
j  org.codehaus.groovy.reflection.CachedMethod.invoke(Ljava/lang/Object;[Ljava/lang/Object;)Ljava/lang/Object;+6
j  groovy.lang.MetaMethod.doMethodInvoke(Ljava/lang/Object;[Ljava/lang/Object;)Ljava/lang/Object;+9
j  org.codehaus.groovy.runtime.metaclass.ClosureMetaClass.invokeMethod(Ljava/lang/Class;Ljava/lang/Object;Ljava/lang/String;[Ljava/lang/Object;ZZ)Ljava/lang/Object;+806
j  groovy.lang.MetaClassImpl.invokeMethod(Ljava/lang/Object;Ljava/lang/String;[Ljava/lang/Object;)Ljava/lang/Object;+10
j  org.codehaus.groovy.runtime.callsite.PogoMetaClassSite.callCurrent(Lgroovy/lang/GroovyObject;[Ljava/lang/Object;)Ljava/lang/Object;+18
j  org.codehaus.groovy.runtime.callsite.CallSiteArray.defaultCallCurrent(Lorg/codehaus/groovy/runtime/callsite/CallSite;Lgroovy/lang/GroovyObject;[Ljava/lang/Object;)Ljava/lang/Object;+17
j  org.codehaus.groovy.runtime.callsite.AbstractCallSite.callCurrent(Lgroovy/lang/GroovyObject;[Ljava/lang/Object;)Ljava/lang/Object;+3
j  org.codehaus.groovy.runtime.callsite.AbstractCallSite.callCurrent(Lgroovy/lang/GroovyObject;Ljava/lang/Object;)Ljava/lang/Object;+33
j  asLocalRepo0_5qlevgufna0bdic12z00gatdu$_run_closure1$_closure2$_closure4.doCall(Ljava/lang/Object;)Ljava/lang/Object;+21
v  ~StubRoutines::call_stub
j  sun.reflect.NativeMethodAccessorImpl.invoke0(Ljava/lang/reflect/Method;Ljava/lang/Object;[Ljava/lang/Object;)Ljava/lang/Object;+0
j  sun.reflect.NativeMethodAccessorImpl.invoke(Ljava/lang/Object;[Ljava/lang/Object;)Ljava/lang/Object;+87
j  sun.reflect.DelegatingMethodAccessorImpl.invoke(Ljava/lang/Object;[Ljava/lang/Object;)Ljava/lang/Object;+6
j  java.lang.reflect.Method.invoke(Ljava/lang/Object;[Ljava/lang/Object;)Ljava/lang/Object;+57
j  org.codehaus.groovy.reflection.CachedMethod.invoke(Ljava/lang/Object;[Ljava/lang/Object;)Ljava/lang/Object;+6
j  groovy.lang.MetaMethod.doMethodInvoke(Ljava/lang/Object;[Ljava/lang/Object;)Ljava/lang/Object;+9
j  org.codehaus.groovy.runtime.metaclass.ClosureMetaClass.invokeMethod(Ljava/lang/Class;Ljava/lang/Object;Ljava/lang/String;[Ljava/lang/Object;ZZ)Ljava/lang/Object;+241
j  groovy.lang.MetaClassImpl.invokeMethod(Ljava/lang/Object;Ljava/lang/String;[Ljava/lang/Object;)Ljava/lang/Object;+10
j  groovy.lang.Closure.call([Ljava/lang/Object;)Ljava/lang/Object;+8
j  groovy.lang.Closure.call(Ljava/lang/Object;)Ljava/lang/Object;+9
j  org.gradle.api.internal.ClosureBackedAction.execute(Ljava/lang/Object;)V+80
j  org.gradle.util.ConfigureUtil.configure(Lgroovy/lang/Closure;Ljava/lang/Object;IZ)Ljava/lang/Object;+15
j  org.gradle.util.ConfigureUtil.configure(Lgroovy/lang/Closure;Ljava/lang/Object;Z)Ljava/lang/Object;+4
j  org.gradle.api.internal.artifacts.DefaultArtifactRepositoryContainer.configure(Lgroovy/lang/Closure;)Lorg/gradle/api/internal/artifacts/DefaultArtifactRepositoryContainer;+3
j  org.gradle.api.internal.artifacts.DefaultArtifactRepositoryContainer.configure(Lgroovy/lang/Closure;)Ljava/lang/Object;+2
j  org.gradle.api.internal.ClosureBackedAction.execute(Ljava/lang/Object;)V+30
j  org.gradle.util.ConfigureUtil.configure(Lgroovy/lang/Closure;Ljava/lang/Object;IZ)Ljava/lang/Object;+15
j  org.gradle.util.ConfigureUtil.configure(Lgroovy/lang/Closure;Ljava/lang/Object;)Ljava/lang/Object;+4
j  org.gradle.api.internal.initialization.DefaultScriptHandler.repositories(Lgroovy/lang/Closure;)V+5
v  ~StubRoutines::call_stub
j  sun.reflect.NativeMethodAccessorImpl.invoke0(Ljava/lang/reflect/Method;Ljava/lang/Object;[Ljava/lang/Object;)Ljava/lang/Object;+0
j  sun.reflect.NativeMethodAccessorImpl.invoke(Ljava/lang/Object;[Ljava/lang/Object;)Ljava/lang/Object;+87
j  sun.reflect.DelegatingMethodAccessorImpl.invoke(Ljava/lang/Object;[Ljava/lang/Object;)Ljava/lang/Object;+6
j  java.lang.reflect.Method.invoke(Ljava/lang/Object;[Ljava/lang/Object;)Ljava/lang/Object;+57
j  org.codehaus.groovy.reflection.CachedMethod.invoke(Ljava/lang/Object;[Ljava/lang/Object;)Ljava/lang/Object;+6
j  groovy.lang.MetaMethod.doMethodInvoke(Ljava/lang/Object;[Ljava/lang/Object;)Ljava/lang/Object;+9
j  org.codehaus.groovy.runtime.metaclass.ClosureMetaClass.invokeMethod(Ljava/lang/Class;Ljava/lang/Object;Ljava/lang/String;[Ljava/lang/Object;ZZ)Ljava/lang/Object;+806
j  groovy.lang.MetaClassImpl.invokeMethod(Ljava/lang/Object;Ljava/lang/String;[Ljava/lang/Object;)Ljava/lang/Object;+10
j  org.codehaus.groovy.runtime.callsite.PogoMetaClassSite.callCurrent(Lgroovy/lang/GroovyObject;[Ljava/lang/Object;)Ljava/lang/Object;+18
j  org.codehaus.groovy.runtime.callsite.CallSiteArray.defaultCallCurrent(Lorg/codehaus/groovy/runtime/callsite/CallSite;Lgroovy/lang/GroovyObject;[Ljava/lang/Object;)Ljava/lang/Object;+17
j  org.codehaus.groovy.runtime.callsite.AbstractCallSite.callCurrent(Lgroovy/lang/GroovyObject;[Ljava/lang/Object;)Ljava/lang/Object;+3
j  org.codehaus.groovy.runtime.callsite.AbstractCallSite.callCurrent(Lgroovy/lang/GroovyObject;Ljava/lang/Object;)Ljava/lang/Object;+33
j  asLocalRepo0_5qlevgufna0bdic12z00gatdu$_run_closure1$_closure2.doCall(Ljava/lang/Object;)Ljava/lang/Object;+21
v  ~StubRoutines::call_stub
j  sun.reflect.NativeMethodAccessorImpl.invoke0(Ljava/lang/reflect/Method;Ljava/lang/Object;[Ljava/lang/Object;)Ljava/lang/Object;+0
j  sun.reflect.NativeMethodAccessorImpl.invoke(Ljava/lang/Object;[Ljava/lang/Object;)Ljava/lang/Object;+87
j  sun.reflect.DelegatingMethodAccessorImpl.invoke(Ljava/lang/Object;[Ljava/lang/Object;)Ljava/lang/Object;+6
j  java.lang.reflect.Method.invoke(Ljava/lang/Object;[Ljava/lang/Object;)Ljava/lang/Object;+57
j  org.codehaus.groovy.reflection.CachedMethod.invoke(Ljava/lang/Object;[Ljava/lang/Object;)Ljava/lang/Object;+6
j  groovy.lang.MetaMethod.doMethodInvoke(Ljava/lang/Object;[Ljava/lang/Object;)Ljava/lang/Object;+9
j  org.codehaus.groovy.runtime.metaclass.ClosureMetaClass.invokeMethod(Ljava/lang/Class;Ljava/lang/Object;Ljava/lang/String;[Ljava/lang/Object;ZZ)Ljava/lang/Object;+241
j  groovy.lang.MetaClassImpl.invokeMethod(Ljava/lang/Object;Ljava/lang/String;[Ljava/lang/Object;)Ljava/lang/Object;+10
j  groovy.lang.Closure.call([Ljava/lang/Object;)Ljava/lang/Object;+8
j  groovy.lang.Closure.call(Ljava/lang/Object;)Ljava/lang/Object;+9
j  org.gradle.api.internal.ClosureBackedAction.execute(Ljava/lang/Object;)V+80
j  org.gradle.util.ConfigureUtil.configure(Lgroovy/lang/Closure;Ljava/lang/Object;IZ)Ljava/lang/Object;+15
j  org.gradle.util.ConfigureUtil.configure(Lgroovy/lang/Closure;Ljava/lang/Object;)Ljava/lang/Object;+4
j  org.gradle.api.internal.project.AbstractProject.buildscript(Lgroovy/lang/Closure;)V+5
v  ~StubRoutines::call_stub
j  sun.reflect.NativeMethodAccessorImpl.invoke0(Ljava/lang/reflect/Method;Ljava/lang/Object;[Ljava/lang/Object;)Ljava/lang/Object;+0
j  sun.reflect.NativeMethodAccessorImpl.invoke(Ljava/lang/Object;[Ljava/lang/Object;)Ljava/lang/Object;+87
j  sun.reflect.DelegatingMethodAccessorImpl.invoke(Ljava/lang/Object;[Ljava/lang/Object;)Ljava/lang/Object;+6
j  java.lang.reflect.Method.invoke(Ljava/lang/Object;[Ljava/lang/Object;)Ljava/lang/Object;+57
j  org.codehaus.groovy.reflection.CachedMethod.invoke(Ljava/lang/Object;[Ljava/lang/Object;)Ljava/lang/Object;+6
j  groovy.lang.MetaMethod.doMethodInvoke(Ljava/lang/Object;[Ljava/lang/Object;)Ljava/lang/Object;+9
j  org.codehaus.groovy.runtime.metaclass.ClosureMetaClass.invokeMethod(Ljava/lang/Class;Ljava/lang/Object;Ljava/lang/String;[Ljava/lang/Object;ZZ)Ljava/lang/Object;+806
j  groovy.lang.MetaClassImpl.invokeMethod(Ljava/lang/Object;Ljava/lang/String;[Ljava/lang/Object;)Ljava/lang/Object;+10
j  org.codehaus.groovy.runtime.callsite.PogoMetaClassSite.callCurrent(Lgroovy/lang/GroovyObject;[Ljava/lang/Object;)Ljava/lang/Object;+18
j  org.codehaus.groovy.runtime.callsite.CallSiteArray.defaultCallCurrent(Lorg/codehaus/groovy/runtime/callsite/CallSite;Lgroovy/lang/GroovyObject;[Ljava/lang/Object;)Ljava/lang/Object;+17
j  org.codehaus.groovy.runtime.callsite.AbstractCallSite.callCurrent(Lgroovy/lang/GroovyObject;[Ljava/lang/Object;)Ljava/lang/Object;+3
j  org.codehaus.groovy.runtime.callsite.AbstractCallSite.callCurrent(Lgroovy/lang/GroovyObject;Ljava/lang/Object;)Ljava/lang/Object;+33
j  asLocalRepo0_5qlevgufna0bdic12z00gatdu$_run_closure1.doCall(Ljava/lang/Object;)Ljava/lang/Object;+21
v  ~StubRoutines::call_stub
j  sun.reflect.NativeMethodAccessorImpl.invoke0(Ljava/lang/reflect/Method;Ljava/lang/Object;[Ljava/lang/Object;)Ljava/lang/Object;+0
j  sun.reflect.NativeMethodAccessorImpl.invoke(Ljava/lang/Object;[Ljava/lang/Object;)Ljava/lang/Object;+87
j  sun.reflect.DelegatingMethodAccessorImpl.invoke(Ljava/lang/Object;[Ljava/lang/Object;)Ljava/lang/Object;+6
j  java.lang.reflect.Method.invoke(Ljava/lang/Object;[Ljava/lang/Object;)Ljava/lang/Object;+57
j  org.codehaus.groovy.reflection.CachedMethod.invoke(Ljava/lang/Object;[Ljava/lang/Object;)Ljava/lang/Object;+6
j  groovy.lang.MetaMethod.doMethodInvoke(Ljava/lang/Object;[Ljava/lang/Object;)Ljava/lang/Object;+9
j  org.codehaus.groovy.runtime.metaclass.ClosureMetaClass.invokeMethod(Ljava/lang/Class;Ljava/lang/Object;Ljava/lang/String;[Ljava/lang/Object;ZZ)Ljava/lang/Object;+241
j  groovy.lang.MetaClassImpl.invokeMethod(Ljava/lang/Object;Ljava/lang/String;[Ljava/lang/Object;)Ljava/lang/Object;+10
j  groovy.lang.Closure.call([Ljava/lang/Object;)Ljava/lang/Object;+8
j  groovy.lang.Closure.call(Ljava/lang/Object;)Ljava/lang/Object;+9
j  org.gradle.api.internal.ClosureBackedAction.execute(Ljava/lang/Object;)V+80
j  org.gradle.api.internal.project.AbstractProject.configure(Ljava/lang/Iterable;Lorg/gradle/api/Action;)Ljava/lang/Iterable;+27
j  org.gradle.api.internal.project.AbstractProject.allprojects(Lorg/gradle/api/Action;)V+6
j  org.gradle.invocation.DefaultGradle$2.execute(Lorg/gradle/api/Project;)V+5
j  org.gradle.invocation.DefaultGradle$2.execute(Ljava/lang/Object;)V+5
j  org.gradle.listener.ActionBroadcast.execute(Ljava/lang/Object;)V+36
j  org.gradle.invocation.DefaultGradle$1.projectsLoaded(Lorg/gradle/api/invocation/Gradle;)V+14
v  ~StubRoutines::call_stub
j  sun.reflect.NativeMethodAccessorImpl.invoke0(Ljava/lang/reflect/Method;Ljava/lang/Object;[Ljava/lang/Object;)Ljava/lang/Object;+0
j  sun.reflect.NativeMethodAccessorImpl.invoke(Ljava/lang/Object;[Ljava/lang/Object;)Ljava/lang/Object;+87
j  sun.reflect.DelegatingMethodAccessorImpl.invoke(Ljava/lang/Object;[Ljava/lang/Object;)Ljava/lang/Object;+6
j  java.lang.reflect.Method.invoke(Ljava/lang/Object;[Ljava/lang/Object;)Ljava/lang/Object;+57
j  org.gradle.messaging.dispatch.ReflectionDispatch.dispatch(Lorg/gradle/messaging/dispatch/MethodInvocation;)V+19
j  org.gradle.messaging.dispatch.ReflectionDispatch.dispatch(Ljava/lang/Object;)V+5
j  org.gradle.internal.event.AbstractBroadcastDispatch.dispatch(Lorg/gradle/messaging/dispatch/MethodInvocation;Ljava/util/Iterator;)V+31
j  org.gradle.internal.event.BroadcastDispatch.dispatch(Lorg/gradle/messaging/dispatch/MethodInvocation;)V+23
j  org.gradle.internal.event.BroadcastDispatch.dispatch(Ljava/lang/Object;)V+5
j  org.gradle.messaging.dispatch.ProxyDispatchAdapter$DispatchingInvocationHandler.invoke(Ljava/lang/Object;Ljava/lang/reflect/Method;[Ljava/lang/Object;)Ljava/lang/Object;+172
j  com.sun.proxy.$Proxy10.projectsLoaded(Lorg/gradle/api/invocation/Gradle;)V+16
j  org.gradle.initialization.NotifyingSettingsLoader.findAndLoadSettings(Lorg/gradle/api/internal/GradleInternal;)Lorg/gradle/api/internal/SettingsInternal;+56
j  org.gradle.initialization.DefaultGradleLauncher.doBuildStages(Lorg/gradle/initialization/DefaultGradleLauncher$Stage;)V+19
j  org.gradle.initialization.DefaultGradleLauncher.access$200(Lorg/gradle/initialization/DefaultGradleLauncher;Lorg/gradle/initialization/DefaultGradleLauncher$Stage;)V+2
j  org.gradle.initialization.DefaultGradleLauncher$1.create()Lorg/gradle/BuildResult;+29
j  org.gradle.initialization.DefaultGradleLauncher$1.create()Ljava/lang/Object;+1
j  org.gradle.internal.progress.DefaultBuildOperationExecutor.run(Lorg/gradle/internal/progress/BuildOperationDetails;Lorg/gradle/internal/Factory;)Ljava/lang/Object;+171
j  org.gradle.internal.progress.DefaultBuildOperationExecutor.run(Ljava/lang/String;Lorg/gradle/internal/Factory;)Ljava/lang/Object;+9
j  org.gradle.initialization.DefaultGradleLauncher.doBuild(Lorg/gradle/initialization/DefaultGradleLauncher$Stage;)Lorg/gradle/BuildResult;+25
j  org.gradle.initialization.DefaultGradleLauncher.run()Lorg/gradle/BuildResult;+4
j  org.gradle.launcher.exec.InProcessBuildActionExecuter$DefaultBuildController.run()Lorg/gradle/api/internal/GradleInternal;+4
j  org.gradle.tooling.internal.provider.runner.BuildModelActionRunner.run(Lorg/gradle/internal/invocation/BuildAction;Lorg/gradle/internal/invocation/BuildController;)V+29
j  org.gradle.launcher.exec.ChainingBuildActionRunner.run(Lorg/gradle/internal/invocation/BuildAction;Lorg/gradle/internal/invocation/BuildController;)V+34
j  org.gradle.tooling.internal.provider.runner.SubscribableBuildActionRunner.run(Lorg/gradle/internal/invocation/BuildAction;Lorg/gradle/internal/invocation/BuildController;)V+37
j  org.gradle.launcher.exec.ChainingBuildActionRunner.run(Lorg/gradle/internal/invocation/BuildAction;Lorg/gradle/internal/invocation/BuildController;)V+34
j  org.gradle.launcher.exec.InProcessBuildActionExecuter.execute(Lorg/gradle/internal/invocation/BuildAction;Lorg/gradle/initialization/BuildRequestContext;Lorg/gradle/launcher/exec/BuildActionParameters;Lorg/gradle/internal/service/ServiceRegistry;)Ljava/lang/Object;+63
j  org.gradle.launcher.exec.InProcessBuildActionExecuter.execute(Lorg/gradle/internal/invocation/BuildAction;Lorg/gradle/initialization/BuildRequestContext;Ljava/lang/Object;Lorg/gradle/internal/service/ServiceRegistry;)Ljava/lang/Object;+9
j  org.gradle.launcher.exec.ContinuousBuildActionExecuter.execute(Lorg/gradle/internal/invocation/BuildAction;Lorg/gradle/initialization/BuildRequestContext;Lorg/gradle/launcher/exec/BuildActionParameters;Lorg/gradle/internal/service/ServiceRegistry;)Ljava/lang/Object;+70
j  org.gradle.launcher.exec.ContinuousBuildActionExecuter.execute(Lorg/gradle/internal/invocation/BuildAction;Lorg/gradle/initialization/BuildRequestContext;Ljava/lang/Object;Lorg/gradle/internal/service/ServiceRegistry;)Ljava/lang/Object;+9
j  org.gradle.launcher.daemon.server.exec.ExecuteBuild.doBuild(Lorg/gradle/launcher/daemon/server/api/DaemonCommandExecution;Lorg/gradle/launcher/daemon/protocol/Build;)V+74
j  org.gradle.launcher.daemon.server.exec.BuildCommandOnly.execute(Lorg/gradle/launcher/daemon/server/api/DaemonCommandExecution;)V+49
j  org.gradle.launcher.daemon.server.api.DaemonCommandExecution.proceed()Z+28
j  org.gradle.launcher.daemon.server.exec.WatchForDisconnection.execute(Lorg/gradle/launcher/daemon/server/api/DaemonCommandExecution;)V+19
j  org.gradle.launcher.daemon.server.api.DaemonCommandExecution.proceed()Z+28
j  org.gradle.launcher.daemon.server.exec.ResetDeprecationLogger.execute(Lorg/gradle/launcher/daemon/server/api/DaemonCommandExecution;)V+4
j  org.gradle.launcher.daemon.server.api.DaemonCommandExecution.proceed()Z+28
j  org.gradle.launcher.daemon.server.exec.RequestStopIfSingleUsedDaemon.execute(Lorg/gradle/launcher/daemon/server/api/DaemonCommandExecution;)V+31
j  org.gradle.launcher.daemon.server.api.DaemonCommandExecution.proceed()Z+28
j  org.gradle.launcher.daemon.server.exec.ForwardClientInput$2.call()Ljava/lang/Void;+4
j  org.gradle.launcher.daemon.server.exec.ForwardClientInput$2.call()Ljava/lang/Object;+1
j  org.gradle.util.Swapper.swap(Ljava/lang/Object;Ljava/util/concurrent/Callable;)Ljava/lang/Object;+21
j  org.gradle.launcher.daemon.server.exec.ForwardClientInput.execute(Lorg/gradle/launcher/daemon/server/api/DaemonCommandExecution;)V+63
j  org.gradle.launcher.daemon.server.api.DaemonCommandExecution.proceed()Z+28
j  org.gradle.launcher.daemon.server.health.DaemonHealthTracker.execute(Lorg/gradle/launcher/daemon/server/api/DaemonCommandExecution;)V+35
j  org.gradle.launcher.daemon.server.api.DaemonCommandExecution.proceed()Z+28
j  org.gradle.launcher.daemon.server.exec.LogToClient.doBuild(Lorg/gradle/launcher/daemon/server/api/DaemonCommandExecution;Lorg/gradle/launcher/daemon/protocol/Build;)V+97
j  org.gradle.launcher.daemon.server.exec.BuildCommandOnly.execute(Lorg/gradle/launcher/daemon/server/api/DaemonCommandExecution;)V+49
j  org.gradle.launcher.daemon.server.api.DaemonCommandExecution.proceed()Z+28
j  org.gradle.launcher.daemon.server.exec.EstablishBuildEnvironment.doBuild(Lorg/gradle/launcher/daemon/server/api/DaemonCommandExecution;Lorg/gradle/launcher/daemon/protocol/Build;)V+279
j  org.gradle.launcher.daemon.server.exec.BuildCommandOnly.execute(Lorg/gradle/launcher/daemon/server/api/DaemonCommandExecution;)V+49
j  org.gradle.launcher.daemon.server.api.DaemonCommandExecution.proceed()Z+28
j  org.gradle.launcher.daemon.server.health.HintGCAfterBuild.execute(Lorg/gradle/launcher/daemon/server/api/DaemonCommandExecution;)V+1
j  org.gradle.launcher.daemon.server.api.DaemonCommandExecution.proceed()Z+28
j  org.gradle.launcher.daemon.server.exec.StartBuildOrRespondWithBusy$1.run()V+44
j  org.gradle.launcher.daemon.server.DaemonStateCoordinator$1.run()V+4
j  org.gradle.internal.concurrent.ExecutorPolicy$CatchAndRecordFailures.onExecute(Ljava/lang/Runnable;)V+1
j  org.gradle.internal.concurrent.StoppableExecutorImpl$1.run()V+25
j  java.util.concurrent.ThreadPoolExecutor.runWorker(Ljava/util/concurrent/ThreadPoolExecutor$Worker;)V+95
j  java.util.concurrent.ThreadPoolExecutor$Worker.run()V+5
j  java.lang.Thread.run()V+11
v  ~StubRoutines::call_stub

---------------  P R O C E S S  ---------------

Java Threads: ( => current thread )
  0x00007f8f8514d800 JavaThread "process reaper" daemon [_thread_blocked, id=12299, stack(0x0000000117b36000,0x0000000117b5e000)]
  0x00007f8f842f2800 JavaThread "Stdin handler" [_thread_blocked, id=21251, stack(0x000000011a593000,0x000000011a693000)]
=>0x00007f8f8511d000 JavaThread "Daemon worker" [_thread_in_vm, id=20739, stack(0x000000011a490000,0x000000011a590000)]
  0x00007f8f842f1800 JavaThread "Cancel handler" [_thread_blocked, id=20227, stack(0x000000011a38d000,0x000000011a48d000)]
  0x00007f8f842d4800 JavaThread "Handler for socket connection from /127.0.0.1:51547 to /127.0.0.1:51612" [_thread_in_native, id=19715, stack(0x000000011a28a000,0x000000011a38a000)]
  0x00007f8f838fe800 JavaThread "Daemon" [_thread_blocked, id=19203, stack(0x000000011a187000,0x000000011a287000)]
  0x00007f8f842b4800 JavaThread "Incoming local TCP Connector on port 51547" [_thread_in_native, id=18691, stack(0x000000011a084000,0x000000011a184000)]
  0x00007f8f8380e800 JavaThread "Service Thread" daemon [_thread_blocked, id=17667, stack(0x0000000119716000,0x0000000119816000)]
  0x00007f8f8402e800 JavaThread "C2 CompilerThread1" daemon [_thread_blocked, id=17155, stack(0x0000000119613000,0x0000000119713000)]
  0x00007f8f85001000 JavaThread "C2 CompilerThread0" daemon [_thread_in_native, id=16643, stack(0x0000000119510000,0x0000000119610000)]
  0x00007f8f8380d800 JavaThread "Signal Dispatcher" daemon [_thread_blocked, id=13335, stack(0x000000011940d000,0x000000011950d000)]
  0x00007f8f84017800 JavaThread "Finalizer" daemon [_thread_blocked, id=11523, stack(0x00000001179ec000,0x0000000117aec000)]
  0x00007f8f84830000 JavaThread "Reference Handler" daemon [_thread_blocked, id=11011, stack(0x00000001178e9000,0x00000001179e9000)]
  0x00007f8f85002000 JavaThread "main" [_thread_blocked, id=4867, stack(0x0000000110064000,0x0000000110164000)]

Other Threads:
  0x00007f8f84017000 VMThread [stack: 0x00000001177e6000,0x00000001178e6000] [id=10499]
  0x00007f8f84836800 WatcherThread [stack: 0x0000000119819000,0x0000000119919000] [id=18179]

VM state:not at safepoint (normal execution)

VM Mutex/Monitor currently owned by a thread:  ([mutex/lock_event])
[0x00007f8f8351df40] SystemDictionary_lock - owner thread: 0x00007f8f8511d000
[0x00007f8f8351f240] Compile_lock - owner thread: 0x00007f8f8511d000

Heap
 PSYoungGen      total 38912K, used 21402K [0x00000007eaa80000, 0x00000007ed580000, 0x0000000800000000)
  eden space 33792K, 48% used [0x00000007eaa80000,0x00000007eba6aa40,0x00000007ecb80000)
  from space 5120K, 99% used [0x00000007ed080000,0x00000007ed57c1a0,0x00000007ed580000)
  to   space 5120K, 0% used [0x00000007ecb80000,0x00000007ecb80000,0x00000007ed080000)
 ParOldGen       total 87040K, used 6234K [0x00000007c0000000, 0x00000007c5500000, 0x00000007eaa80000)
  object space 87040K, 7% used [0x00000007c0000000,0x00000007c0616bc8,0x00000007c5500000)
 PSPermGen       total 21504K, used 20392K [0x00000007b0000000, 0x00000007b1500000, 0x00000007c0000000)
  object space 21504K, 94% used [0x00000007b0000000,0x00000007b13ea070,0x00000007b1500000)

Card table byte_map: [0x000000011322f000,0x00000001134b0000] byte_map_base: 0x000000010f4af000

Polling page: 0x000000010edef000

Code Cache  [0x000000011016f000, 0x00000001103df000, 0x000000011316f000)
 total_blobs=770 nmethods=222 adapters=502 free_code_cache=47257Kb largest_free_block=48348992

Compilation events (10 events):
Event: 10.837 Thread 0x00007f8f8402e800  226             java.lang.String::indexOf (25 bytes)
Event: 10.838 Thread 0x00007f8f8402e800 nmethod 226 0x0000000110345590 code [0x00000001103456e0, 0x00000001103457c8]
Event: 10.838 Thread 0x00007f8f8402e800  227             groovy.lang.MetaClassImpl$MethodIndexAction::iterate (119 bytes)
Event: 10.854 Thread 0x00007f8f8402e800 nmethod 227 0x0000000110348bd0 code [0x0000000110348de0, 0x00000001103497b8]
Event: 10.854 Thread 0x00007f8f8402e800  228             java.lang.reflect.Method::getGenericSignature (5 bytes)
Event: 10.855 Thread 0x00007f8f8402e800 nmethod 228 0x0000000110345350 code [0x0000000110345480, 0x00000001103454f8]
Event: 10.855 Thread 0x00007f8f8402e800  229             java.util.LinkedHashMap$LinkedHashIterator::hasNext (20 bytes)
Event: 10.856 Thread 0x00007f8f8402e800 nmethod 229 0x0000000110348990 code [0x0000000110348ac0, 0x0000000110348b58]
Event: 10.856 Thread 0x00007f8f8402e800  230             java.net.URL::getRef (5 bytes)
Event: 10.857 Thread 0x00007f8f8402e800 nmethod 230 0x0000000110348790 code [0x00000001103488c0, 0x0000000110348938]

GC Heap History (8 events):
Event: 2.547 GC heap before
{Heap before GC invocations=1 (full 0):
 PSYoungGen      total 38912K, used 33792K [0x00000007eaa80000, 0x00000007ed580000, 0x0000000800000000)
  eden space 33792K, 100% used [0x00000007eaa80000,0x00000007ecb80000,0x00000007ecb80000)
  from space 5120K, 0% used [0x00000007ed080000,0x00000007ed080000,0x00000007ed580000)
  to   space 5120K, 0% used [0x00000007ecb80000,0x00000007ecb80000,0x00000007ed080000)
 ParOldGen       total 87040K, used 0K [0x00000007c0000000, 0x00000007c5500000, 0x00000007eaa80000)
  object space 87040K, 0% used [0x00000007c0000000,0x00000007c0000000,0x00000007c5500000)
 PSPermGen       total 21504K, used 5417K [0x00000007b0000000, 0x00000007b1500000, 0x00000007c0000000)
  object space 21504K, 25% used [0x00000007b0000000,0x00000007b054a518,0x00000007b1500000)
Event: 2.553 GC heap after
Heap after GC invocations=1 (full 0):
 PSYoungGen      total 38912K, used 3630K [0x00000007eaa80000, 0x00000007ed580000, 0x0000000800000000)
  eden space 33792K, 0% used [0x00000007eaa80000,0x00000007eaa80000,0x00000007ecb80000)
  from space 5120K, 70% used [0x00000007ecb80000,0x00000007ecf0bb90,0x00000007ed080000)
  to   space 5120K, 0% used [0x00000007ed080000,0x00000007ed080000,0x00000007ed580000)
 ParOldGen       total 87040K, used 8K [0x00000007c0000000, 0x00000007c5500000, 0x00000007eaa80000)
  object space 87040K, 0% used [0x00000007c0000000,0x00000007c0002000,0x00000007c5500000)
 PSPermGen       total 21504K, used 5417K [0x00000007b0000000, 0x00000007b1500000, 0x00000007c0000000)
  object space 21504K, 25% used [0x00000007b0000000,0x00000007b054a518,0x00000007b1500000)
}
Event: 5.741 GC heap before
{Heap before GC invocations=2 (full 0):
 PSYoungGen      total 38912K, used 37422K [0x00000007eaa80000, 0x00000007ed580000, 0x0000000800000000)
  eden space 33792K, 100% used [0x00000007eaa80000,0x00000007ecb80000,0x00000007ecb80000)
  from space 5120K, 70% used [0x00000007ecb80000,0x00000007ecf0bb90,0x00000007ed080000)
  to   space 5120K, 0% used [0x00000007ed080000,0x00000007ed080000,0x00000007ed580000)
 ParOldGen       total 87040K, used 8K [0x00000007c0000000, 0x00000007c5500000, 0x00000007eaa80000)
  object space 87040K, 0% used [0x00000007c0000000,0x00000007c0002000,0x00000007c5500000)
 PSPermGen       total 21504K, used 10865K [0x00000007b0000000, 0x00000007b1500000, 0x00000007c0000000)
  object space 21504K, 50% used [0x00000007b0000000,0x00000007b0a9c598,0x00000007b1500000)
Event: 5.749 GC heap after
Heap after GC invocations=2 (full 0):
 PSYoungGen      total 38912K, used 5096K [0x00000007eaa80000, 0x00000007ed580000, 0x0000000800000000)
  eden space 33792K, 0% used [0x00000007eaa80000,0x00000007eaa80000,0x00000007ecb80000)
  from space 5120K, 99% used [0x00000007ed080000,0x00000007ed57a378,0x00000007ed580000)
  to   space 5120K, 0% used [0x00000007ecb80000,0x00000007ecb80000,0x00000007ed080000)
 ParOldGen       total 87040K, used 251K [0x00000007c0000000, 0x00000007c5500000, 0x00000007eaa80000)
  object space 87040K, 0% used [0x00000007c0000000,0x00000007c003eed8,0x00000007c5500000)
 PSPermGen       total 21504K, used 10865K [0x00000007b0000000, 0x00000007b1500000, 0x00000007c0000000)
  object space 21504K, 50% used [0x00000007b0000000,0x00000007b0a9c598,0x00000007b1500000)
}
Event: 9.071 GC heap before
{Heap before GC invocations=3 (full 0):
 PSYoungGen      total 38912K, used 38888K [0x00000007eaa80000, 0x00000007ed580000, 0x0000000800000000)
  eden space 33792K, 100% used [0x00000007eaa80000,0x00000007ecb80000,0x00000007ecb80000)
  from space 5120K, 99% used [0x00000007ed080000,0x00000007ed57a378,0x00000007ed580000)
  to   space 5120K, 0% used [0x00000007ecb80000,0x00000007ecb80000,0x00000007ed080000)
 ParOldGen       total 87040K, used 251K [0x00000007c0000000, 0x00000007c5500000, 0x00000007eaa80000)
  object space 87040K, 0% used [0x00000007c0000000,0x00000007c003eed8,0x00000007c5500000)
 PSPermGen       total 21504K, used 16856K [0x00000007b0000000, 0x00000007b1500000, 0x00000007c0000000)
  object space 21504K, 78% used [0x00000007b0000000,0x00000007b1076210,0x00000007b1500000)
Event: 9.082 GC heap after
Heap after GC invocations=3 (full 0):
 PSYoungGen      total 38912K, used 5104K [0x00000007eaa80000, 0x00000007ed580000, 0x0000000800000000)
  eden space 33792K, 0% used [0x00000007eaa80000,0x00000007eaa80000,0x00000007ecb80000)
  from space 5120K, 99% used [0x00000007ecb80000,0x00000007ed07c180,0x00000007ed080000)
  to   space 5120K, 0% used [0x00000007ed080000,0x00000007ed080000,0x00000007ed580000)
 ParOldGen       total 87040K, used 2973K [0x00000007c0000000, 0x00000007c5500000, 0x00000007eaa80000)
  object space 87040K, 3% used [0x00000007c0000000,0x00000007c02e7570,0x00000007c5500000)
 PSPermGen       total 21504K, used 16856K [0x00000007b0000000, 0x00000007b1500000, 0x00000007c0000000)
  object space 21504K, 78% used [0x00000007b0000000,0x00000007b1076210,0x00000007b1500000)
}
Event: 10.373 GC heap before
{Heap before GC invocations=4 (full 0):
 PSYoungGen      total 38912K, used 38896K [0x00000007eaa80000, 0x00000007ed580000, 0x0000000800000000)
  eden space 33792K, 100% used [0x00000007eaa80000,0x00000007ecb80000,0x00000007ecb80000)
  from space 5120K, 99% used [0x00000007ecb80000,0x00000007ed07c180,0x00000007ed080000)
  to   space 5120K, 0% used [0x00000007ed080000,0x00000007ed080000,0x00000007ed580000)
 ParOldGen       total 87040K, used 2973K [0x00000007c0000000, 0x00000007c5500000, 0x00000007eaa80000)
  object space 87040K, 3% used [0x00000007c0000000,0x00000007c02e7570,0x00000007c5500000)
 PSPermGen       total 21504K, used 19524K [0x00000007b0000000, 0x00000007b1500000, 0x00000007c0000000)
  object space 21504K, 90% used [0x00000007b0000000,0x00000007b13111f8,0x00000007b1500000)
Event: 10.385 GC heap after
Heap after GC invocations=4 (full 0):
 PSYoungGen      total 38912K, used 5104K [0x00000007eaa80000, 0x00000007ed580000, 0x0000000800000000)
  eden space 33792K, 0% used [0x00000007eaa80000,0x00000007eaa80000,0x00000007ecb80000)
  from space 5120K, 99% used [0x00000007ed080000,0x00000007ed57c1a0,0x00000007ed580000)
  to   space 5120K, 0% used [0x00000007ecb80000,0x00000007ecb80000,0x00000007ed080000)
 ParOldGen       total 87040K, used 6234K [0x00000007c0000000, 0x00000007c5500000, 0x00000007eaa80000)
  object space 87040K, 7% used [0x00000007c0000000,0x00000007c0616bc8,0x00000007c5500000)
 PSPermGen       total 21504K, used 19524K [0x00000007b0000000, 0x00000007b1500000, 0x00000007c0000000)
  object space 21504K, 90% used [0x00000007b0000000,0x00000007b13111f8,0x00000007b1500000)
}

Deoptimization events (10 events):
Event: 9.115 Thread 0x00007f8f8511d000 Uncommon trap: reason=unreached action=reinterpret pc=0x0000000110221c68 method=java.lang.reflect.Method.equals(Ljava/lang/Object;)Z @ 49
Event: 9.116 Thread 0x00007f8f8511d000 Uncommon trap: reason=unreached action=reinterpret pc=0x000000011021cbe4 method=java.lang.reflect.Method.equals(Ljava/lang/Object;)Z @ 49
Event: 9.126 Thread 0x00007f8f8511d000 Uncommon trap: reason=class_check action=maybe_recompile pc=0x0000000110229460 method=sun.misc.URLClassPath.getLoader(I)Lsun/misc/URLClassPath$Loader; @ 150
Event: 9.147 Thread 0x00007f8f8511d000 Uncommon trap: reason=class_check action=maybe_recompile pc=0x0000000110229460 method=sun.misc.URLClassPath.getLoader(I)Lsun/misc/URLClassPath$Loader; @ 150
Event: 9.288 Thread 0x00007f8f8511d000 Uncommon trap: reason=unreached action=reinterpret pc=0x00000001101ee138 method=java.lang.Class$MethodArray.addIfNotPresent(Ljava/lang/reflect/Method;)V @ 19
Event: 9.655 Thread 0x00007f8f8511d000 Uncommon trap: reason=unreached action=reinterpret pc=0x00000001101e689c method=java.util.HashMap.get(Ljava/lang/Object;)Ljava/lang/Object; @ 1
Event: 10.230 Thread 0x00007f8f8511d000 Uncommon trap: reason=class_check action=maybe_recompile pc=0x000000011022a828 method=org.gradle.internal.service.DefaultServiceRegistry$SingletonService.getService(Lorg/gradle/internal/service/DefaultServiceRegistry$LookupContext;Lorg/gradle/internal/ser
Event: 10.230 Thread 0x00007f8f8511d000 Uncommon trap: reason=class_check action=maybe_recompile pc=0x000000011022a828 method=org.gradle.internal.service.DefaultServiceRegistry$SingletonService.getService(Lorg/gradle/internal/service/DefaultServiceRegistry$LookupContext;Lorg/gradle/internal/ser
Event: 10.230 Thread 0x00007f8f8511d000 Uncommon trap: reason=class_check action=maybe_recompile pc=0x000000011022a828 method=org.gradle.internal.service.DefaultServiceRegistry$SingletonService.getService(Lorg/gradle/internal/service/DefaultServiceRegistry$LookupContext;Lorg/gradle/internal/ser
Event: 10.230 Thread 0x00007f8f8511d000 Uncommon trap: reason=class_check action=maybe_recompile pc=0x000000011022a828 method=org.gradle.internal.service.DefaultServiceRegistry$SingletonService.getService(Lorg/gradle/internal/service/DefaultServiceRegistry$LookupContext;Lorg/gradle/internal/ser

Internal exceptions (10 events):
Event: 10.855 Thread 0x00007f8f8511d000 Threw 0x00000007eb9e74d8 at /HUDSON/workspace/7u-2-build-macosx-x86_64/jdk7u79/2331/hotspot/src/share/vm/prims/jvm.cpp:1304
Event: 10.856 Thread 0x00007f8f8511d000 Threw 0x00000007eb9ef410 at /HUDSON/workspace/7u-2-build-macosx-x86_64/jdk7u79/2331/hotspot/src/share/vm/prims/jvm.cpp:1304
Event: 10.856 Thread 0x00007f8f8511d000 Threw 0x00000007eb9f0520 at /HUDSON/workspace/7u-2-build-macosx-x86_64/jdk7u79/2331/hotspot/src/share/vm/prims/jvm.cpp:1304
Event: 10.857 Thread 0x00007f8f8511d000 Threw 0x00000007eb9f4ee0 at /HUDSON/workspace/7u-2-build-macosx-x86_64/jdk7u79/2331/hotspot/src/share/vm/prims/jvm.cpp:1304
Event: 10.857 Thread 0x00007f8f8511d000 Threw 0x00000007eb9f6028 at /HUDSON/workspace/7u-2-build-macosx-x86_64/jdk7u79/2331/hotspot/src/share/vm/prims/jvm.cpp:1304
Event: 10.857 Thread 0x00007f8f8511d000 Threw 0x00000007eb9fac48 at /HUDSON/workspace/7u-2-build-macosx-x86_64/jdk7u79/2331/hotspot/src/share/vm/prims/jvm.cpp:1304
Event: 10.857 Thread 0x00007f8f8511d000 Threw 0x00000007eb9fbcd8 at /HUDSON/workspace/7u-2-build-macosx-x86_64/jdk7u79/2331/hotspot/src/share/vm/prims/jvm.cpp:1304
Event: 10.858 Thread 0x00007f8f8511d000 Threw 0x00000007eba01b58 at /HUDSON/workspace/7u-2-build-macosx-x86_64/jdk7u79/2331/hotspot/src/share/vm/prims/jvm.cpp:1304
Event: 10.858 Thread 0x00007f8f8511d000 Threw 0x00000007eba02c60 at /HUDSON/workspace/7u-2-build-macosx-x86_64/jdk7u79/2331/hotspot/src/share/vm/prims/jvm.cpp:1304
Event: 10.859 Thread 0x00007f8f8511d000 Threw 0x00000007eba08a08 at /HUDSON/workspace/7u-2-build-macosx-x86_64/jdk7u79/2331/hotspot/src/share/vm/prims/jvm.cpp:1304

Events (10 events):
Event: 10.855 loading class 0x00007f8f834358d0 done
Event: 10.856 loading class 0x00007f8f83696f30
Event: 10.856 loading class 0x00007f8f83696f30 done
Event: 10.856 Thread 0x00007f8f8402e800 flushing nmethod 0x0000000110208790
Event: 10.857 loading class 0x00007f8f83435940
Event: 10.857 loading class 0x00007f8f83435940 done
Event: 10.857 loading class 0x00007f8f83435aa0
Event: 10.857 loading class 0x00007f8f83435aa0 done
Event: 10.858 loading class 0x00007f8f836983b0
Event: 10.858 loading class 0x00007f8f836983b0 done


Dynamic libraries:
0x00000000070ca000 	/System/Library/Frameworks/Cocoa.framework/Versions/A/Cocoa
0x00000000070ca000 	/System/Library/Frameworks/Security.framework/Versions/A/Security
0x00000000070ca000 	/System/Library/Frameworks/ApplicationServices.framework/Versions/A/ApplicationServices
0x00000000070ca000 	/usr/lib/libz.1.dylib
0x00000000070ca000 	/usr/lib/libSystem.B.dylib
0x00000000070ca000 	/usr/lib/libobjc.A.dylib
0x00000000070ca000 	/System/Library/Frameworks/CoreFoundation.framework/Versions/A/CoreFoundation
0x00000000070ca000 	/System/Library/Frameworks/Foundation.framework/Versions/C/Foundation
0x00000000070ca000 	/System/Library/Frameworks/AppKit.framework/Versions/C/AppKit
0x00000000070ca000 	/System/Library/Frameworks/CoreData.framework/Versions/A/CoreData
0x00000000070ca000 	/System/Library/PrivateFrameworks/RemoteViewServices.framework/Versions/A/RemoteViewServices
0x00000000070ca000 	/System/Library/PrivateFrameworks/UIFoundation.framework/Versions/A/UIFoundation
0x00000000070ca000 	/System/Library/Frameworks/IOSurface.framework/Versions/A/IOSurface
0x00000000070ca000 	/System/Library/Frameworks/AudioToolbox.framework/Versions/A/AudioToolbox
0x00000000070ca000 	/System/Library/Frameworks/AudioUnit.framework/Versions/A/AudioUnit
0x00000000070ca000 	/System/Library/PrivateFrameworks/DataDetectorsCore.framework/Versions/A/DataDetectorsCore
0x00000000070ca000 	/System/Library/PrivateFrameworks/DesktopServicesPriv.framework/Versions/A/DesktopServicesPriv
0x00000000070ca000 	/System/Library/Frameworks/Carbon.framework/Versions/A/Frameworks/HIToolbox.framework/Versions/A/HIToolbox
0x00000000070ca000 	/System/Library/Frameworks/QuartzCore.framework/Versions/A/QuartzCore
0x00000000070ca000 	/System/Library/Frameworks/Carbon.framework/Versions/A/Frameworks/SpeechRecognition.framework/Versions/A/SpeechRecognition
0x00000000070ca000 	/usr/lib/libauto.dylib
0x00000000070ca000 	/usr/lib/libicucore.A.dylib
0x00000000070ca000 	/usr/lib/libxml2.2.dylib
0x00000000070ca000 	/System/Library/PrivateFrameworks/CoreUI.framework/Versions/A/CoreUI
0x00000000070ca000 	/System/Library/Frameworks/CoreAudio.framework/Versions/A/CoreAudio
0x00000000070ca000 	/System/Library/Frameworks/DiskArbitration.framework/Versions/A/DiskArbitration
0x00000000070ca000 	/usr/lib/liblangid.dylib
0x00000000070ca000 	/System/Library/PrivateFrameworks/MultitouchSupport.framework/Versions/A/MultitouchSupport
0x00000000070ca000 	/System/Library/Frameworks/IOKit.framework/Versions/A/IOKit
0x00000000070ca000 	/usr/lib/libDiagnosticMessagesClient.dylib
0x00000000070ca000 	/System/Library/Frameworks/CoreServices.framework/Versions/A/CoreServices
0x00000000070ca000 	/System/Library/PrivateFrameworks/PerformanceAnalysis.framework/Versions/A/PerformanceAnalysis
0x00000000070ca000 	/System/Library/PrivateFrameworks/GenerationalStorage.framework/Versions/A/GenerationalStorage
0x00000000070ca000 	/System/Library/Frameworks/OpenGL.framework/Versions/A/OpenGL
0x00000000070ca000 	/System/Library/PrivateFrameworks/Sharing.framework/Versions/A/Sharing
0x00000000070ca000 	/System/Library/Frameworks/CoreGraphics.framework/Versions/A/CoreGraphics
0x00000000070ca000 	/System/Library/Frameworks/CoreText.framework/Versions/A/CoreText
0x00000000070ca000 	/System/Library/Frameworks/ImageIO.framework/Versions/A/ImageIO
0x00000000070ca000 	/usr/lib/libextension.dylib
0x00000000070ca000 	/System/Library/PrivateFrameworks/Backup.framework/Versions/A/Backup
0x00000000070ca000 	/usr/lib/libarchive.2.dylib
0x00000000070ca000 	/System/Library/Frameworks/CFNetwork.framework/Versions/A/CFNetwork
0x00000000070ca000 	/System/Library/Frameworks/SystemConfiguration.framework/Versions/A/SystemConfiguration
0x00000000070ca000 	/usr/lib/libCRFSuite.dylib
0x00000000070ca000 	/usr/lib/libc++.1.dylib
0x00000000070ca000 	/usr/lib/libc++abi.dylib
0x00000000070ca000 	/usr/lib/system/libcache.dylib
0x00000000070ca000 	/usr/lib/system/libcommonCrypto.dylib
0x00000000070ca000 	/usr/lib/system/libcompiler_rt.dylib
0x00000000070ca000 	/usr/lib/system/libcopyfile.dylib
0x00000000070ca000 	/usr/lib/system/libcorecrypto.dylib
0x00000000070ca000 	/usr/lib/system/libdispatch.dylib
0x00000000070ca000 	/usr/lib/system/libdyld.dylib
0x00000000070ca000 	/usr/lib/system/libkeymgr.dylib
0x00000000070ca000 	/usr/lib/system/liblaunch.dylib
0x00000000070ca000 	/usr/lib/system/libmacho.dylib
0x00000000070ca000 	/usr/lib/system/libquarantine.dylib
0x00000000070ca000 	/usr/lib/system/libremovefile.dylib
0x00000000070ca000 	/usr/lib/system/libsystem_asl.dylib
0x00000000070ca000 	/usr/lib/system/libsystem_blocks.dylib
0x00000000070ca000 	/usr/lib/system/libsystem_c.dylib
0x00000000070ca000 	/usr/lib/system/libsystem_configuration.dylib
0x00000000070ca000 	/usr/lib/system/libsystem_coreservices.dylib
0x00000000070ca000 	/usr/lib/system/libsystem_coretls.dylib
0x00000000070ca000 	/usr/lib/system/libsystem_dnssd.dylib
0x00000000070ca000 	/usr/lib/system/libsystem_info.dylib
0x00000000070ca000 	/usr/lib/system/libsystem_kernel.dylib
0x00000000070ca000 	/usr/lib/system/libsystem_m.dylib
0x00000000070ca000 	/usr/lib/system/libsystem_malloc.dylib
0x00000000070ca000 	/usr/lib/system/libsystem_network.dylib
0x00000000070ca000 	/usr/lib/system/libsystem_networkextension.dylib
0x00000000070ca000 	/usr/lib/system/libsystem_notify.dylib
0x00000000070ca000 	/usr/lib/system/libsystem_platform.dylib
0x00000000070ca000 	/usr/lib/system/libsystem_pthread.dylib
0x00000000070ca000 	/usr/lib/system/libsystem_sandbox.dylib
0x00000000070ca000 	/usr/lib/system/libsystem_secinit.dylib
0x00000000070ca000 	/usr/lib/system/libsystem_stats.dylib
0x00000000070ca000 	/usr/lib/system/libsystem_trace.dylib
0x00000000070ca000 	/usr/lib/system/libunc.dylib
0x00000000070ca000 	/usr/lib/system/libunwind.dylib
0x00000000070ca000 	/usr/lib/system/libxpc.dylib
0x00000000070ca000 	/usr/lib/libbz2.1.0.dylib
0x00000000070ca000 	/usr/lib/liblzma.5.dylib
0x00000000070ca000 	/usr/lib/libbsm.0.dylib
0x00000000070ca000 	/usr/lib/libsqlite3.dylib
0x00000000070ca000 	/usr/lib/system/libkxld.dylib
0x00000000070ca000 	/usr/lib/libxar.1.dylib
0x00000000070ca000 	/usr/lib/libpam.2.dylib
0x00000000070ca000 	/usr/lib/libOpenScriptingUtil.dylib
0x00000000070ca000 	/System/Library/Frameworks/CoreServices.framework/Versions/A/Frameworks/FSEvents.framework/Versions/A/FSEvents
0x00000000070ca000 	/System/Library/Frameworks/CoreServices.framework/Versions/A/Frameworks/CarbonCore.framework/Versions/A/CarbonCore
0x00000000070ca000 	/System/Library/Frameworks/CoreServices.framework/Versions/A/Frameworks/Metadata.framework/Versions/A/Metadata
0x00000000070ca000 	/System/Library/Frameworks/CoreServices.framework/Versions/A/Frameworks/OSServices.framework/Versions/A/OSServices
0x00000000070ca000 	/System/Library/Frameworks/CoreServices.framework/Versions/A/Frameworks/SearchKit.framework/Versions/A/SearchKit
0x00000000070ca000 	/System/Library/Frameworks/CoreServices.framework/Versions/A/Frameworks/AE.framework/Versions/A/AE
0x00000000070ca000 	/System/Library/Frameworks/CoreServices.framework/Versions/A/Frameworks/LaunchServices.framework/Versions/A/LaunchServices
0x00000000070ca000 	/System/Library/Frameworks/CoreServices.framework/Versions/A/Frameworks/DictionaryServices.framework/Versions/A/DictionaryServices
0x00000000070ca000 	/System/Library/Frameworks/NetFS.framework/Versions/A/NetFS
0x00000000070ca000 	/System/Library/PrivateFrameworks/NetAuth.framework/Versions/A/NetAuth
0x00000000070ca000 	/System/Library/PrivateFrameworks/login.framework/Versions/A/Frameworks/loginsupport.framework/Versions/A/loginsupport
0x00000000070ca000 	/System/Library/PrivateFrameworks/TCC.framework/Versions/A/TCC
0x00000000070ca000 	/usr/lib/libmecabra.dylib
0x00000000070ca000 	/System/Library/Frameworks/ApplicationServices.framework/Versions/A/Frameworks/ATS.framework/Versions/A/ATS
0x00000000070ca000 	/System/Library/Frameworks/ApplicationServices.framework/Versions/A/Frameworks/ColorSync.framework/Versions/A/ColorSync
0x00000000070ca000 	/System/Library/Frameworks/ApplicationServices.framework/Versions/A/Frameworks/HIServices.framework/Versions/A/HIServices
0x00000000070ca000 	/System/Library/Frameworks/ApplicationServices.framework/Versions/A/Frameworks/LangAnalysis.framework/Versions/A/LangAnalysis
0x00000000070ca000 	/System/Library/Frameworks/ApplicationServices.framework/Versions/A/Frameworks/PrintCore.framework/Versions/A/PrintCore
0x00000000070ca000 	/System/Library/Frameworks/ApplicationServices.framework/Versions/A/Frameworks/QD.framework/Versions/A/QD
0x00000000070ca000 	/System/Library/Frameworks/ApplicationServices.framework/Versions/A/Frameworks/SpeechSynthesis.framework/Versions/A/SpeechSynthesis
0x00000000070ca000 	/System/Library/Frameworks/Accelerate.framework/Versions/A/Accelerate
0x00000000070ca000 	/System/Library/Frameworks/Accelerate.framework/Versions/A/Frameworks/vImage.framework/Versions/A/vImage
0x00000000070ca000 	/System/Library/Frameworks/Accelerate.framework/Versions/A/Frameworks/vecLib.framework/Versions/A/vecLib
0x00000000070ca000 	/System/Library/Frameworks/Accelerate.framework/Versions/A/Frameworks/vecLib.framework/Versions/A/libvDSP.dylib
0x00000000070ca000 	/System/Library/Frameworks/Accelerate.framework/Versions/A/Frameworks/vecLib.framework/Versions/A/libvMisc.dylib
0x00000000070ca000 	/System/Library/Frameworks/Accelerate.framework/Versions/A/Frameworks/vecLib.framework/Versions/A/libLAPACK.dylib
0x00000000070ca000 	/System/Library/Frameworks/Accelerate.framework/Versions/A/Frameworks/vecLib.framework/Versions/A/libBLAS.dylib
0x00000000070ca000 	/System/Library/Frameworks/Accelerate.framework/Versions/A/Frameworks/vecLib.framework/Versions/A/libLinearAlgebra.dylib
0x00000000070ca000 	/System/Library/Frameworks/ApplicationServices.framework/Versions/A/Frameworks/ATS.framework/Versions/A/Resources/libFontParser.dylib
0x00000000070ca000 	/System/Library/Frameworks/ApplicationServices.framework/Versions/A/Frameworks/ATS.framework/Versions/A/Resources/libFontRegistry.dylib
0x00000000070ca000 	/System/Library/PrivateFrameworks/AppleVPA.framework/Versions/A/AppleVPA
0x00000000070ca000 	/System/Library/PrivateFrameworks/AppleJPEG.framework/Versions/A/AppleJPEG
0x00000000070ca000 	/System/Library/Frameworks/ImageIO.framework/Versions/A/Resources/libJPEG.dylib
0x00000000070ca000 	/System/Library/Frameworks/ImageIO.framework/Versions/A/Resources/libTIFF.dylib
0x00000000070ca000 	/System/Library/Frameworks/ImageIO.framework/Versions/A/Resources/libPng.dylib
0x00000000070ca000 	/System/Library/Frameworks/ImageIO.framework/Versions/A/Resources/libGIF.dylib
0x00000000070ca000 	/System/Library/Frameworks/ImageIO.framework/Versions/A/Resources/libJP2.dylib
0x00000000070ca000 	/System/Library/Frameworks/ImageIO.framework/Versions/A/Resources/libRadiance.dylib
0x00000000070ca000 	/System/Library/Frameworks/CoreVideo.framework/Versions/A/CoreVideo
0x00000000070ca000 	/System/Library/Frameworks/OpenGL.framework/Versions/A/Libraries/libGLU.dylib
0x00000000070ca000 	/System/Library/Frameworks/OpenGL.framework/Versions/A/Libraries/libGFXShared.dylib
0x00000000070ca000 	/System/Library/Frameworks/OpenGL.framework/Versions/A/Libraries/libGL.dylib
0x00000000070ca000 	/System/Library/Frameworks/OpenGL.framework/Versions/A/Libraries/libGLImage.dylib
0x00000000070ca000 	/System/Library/Frameworks/OpenGL.framework/Versions/A/Libraries/libCVMSPluginSupport.dylib
0x00000000070ca000 	/System/Library/Frameworks/OpenGL.framework/Versions/A/Libraries/libCoreVMClient.dylib
0x00000000070ca000 	/usr/lib/libcups.2.dylib
0x00000000070ca000 	/System/Library/Frameworks/Kerberos.framework/Versions/A/Kerberos
0x00000000070ca000 	/System/Library/Frameworks/GSS.framework/Versions/A/GSS
0x00000000070ca000 	/usr/lib/libresolv.9.dylib
0x00000000070ca000 	/usr/lib/libiconv.2.dylib
0x00000000070ca000 	/System/Library/PrivateFrameworks/Heimdal.framework/Versions/A/Heimdal
0x00000000070ca000 	/usr/lib/libheimdal-asn1.dylib
0x00000000070ca000 	/System/Library/Frameworks/OpenDirectory.framework/Versions/A/OpenDirectory
0x00000000070ca000 	/System/Library/PrivateFrameworks/CommonAuth.framework/Versions/A/CommonAuth
0x00000000070ca000 	/System/Library/Frameworks/OpenDirectory.framework/Versions/A/Frameworks/CFOpenDirectory.framework/Versions/A/CFOpenDirectory
0x00000000070ca000 	/System/Library/Frameworks/SecurityFoundation.framework/Versions/A/SecurityFoundation
0x00000000070ca000 	/System/Library/PrivateFrameworks/LanguageModeling.framework/Versions/A/LanguageModeling
0x00000000070ca000 	/usr/lib/libcmph.dylib
0x00000000070ca000 	/System/Library/Frameworks/ServiceManagement.framework/Versions/A/ServiceManagement
0x00000000070ca000 	/usr/lib/libxslt.1.dylib
0x00000000070ca000 	/System/Library/Frameworks/Carbon.framework/Versions/A/Frameworks/Ink.framework/Versions/A/Ink
0x00000000070ca000 	/System/Library/Frameworks/QuartzCore.framework/Versions/A/Frameworks/CoreImage.framework/Versions/A/CoreImage
0x00000000070ca000 	/System/Library/PrivateFrameworks/CrashReporterSupport.framework/Versions/A/CrashReporterSupport
0x00000000070ca000 	/System/Library/Frameworks/OpenCL.framework/Versions/A/OpenCL
0x00000000070ca000 	/System/Library/PrivateFrameworks/FaceCore.framework/Versions/A/FaceCore
0x00000000070ca000 	/System/Library/PrivateFrameworks/Ubiquity.framework/Versions/A/Ubiquity
0x00000000070ca000 	/System/Library/PrivateFrameworks/IconServices.framework/Versions/A/IconServices
0x00000000070ca000 	/System/Library/PrivateFrameworks/ChunkingLibrary.framework/Versions/A/ChunkingLibrary
0x00000000070ca000 	/System/Library/PrivateFrameworks/Apple80211.framework/Versions/A/Apple80211
0x00000000070ca000 	/System/Library/Frameworks/CoreWLAN.framework/Versions/A/CoreWLAN
0x00000000070ca000 	/System/Library/Frameworks/IOBluetooth.framework/Versions/A/IOBluetooth
0x00000000070ca000 	/System/Library/PrivateFrameworks/CoreWiFi.framework/Versions/A/CoreWiFi
0x00000000070ca000 	/System/Library/Frameworks/CoreBluetooth.framework/Versions/A/CoreBluetooth
0x00000000070ca000 	/System/Library/PrivateFrameworks/DebugSymbols.framework/Versions/A/DebugSymbols
0x00000000070ca000 	/System/Library/PrivateFrameworks/CoreSymbolication.framework/Versions/A/CoreSymbolication
0x00000000070ca000 	/System/Library/PrivateFrameworks/Symbolication.framework/Versions/A/Symbolication
0x00000000070ca000 	/System/Library/PrivateFrameworks/SpeechRecognitionCore.framework/Versions/A/SpeechRecognitionCore
0x000000010f600000 	/Library/Java/JavaVirtualMachines/jdk1.7.0_79.jdk/Contents/Home/jre/lib/server/libjvm.dylib
0x00000000070ca000 	/usr/lib/libstdc++.6.dylib
0x000000010edb2000 	/Library/Java/JavaVirtualMachines/jdk1.7.0_79.jdk/Contents/Home/jre/lib/libverify.dylib
0x000000010edbf000 	/Library/Java/JavaVirtualMachines/jdk1.7.0_79.jdk/Contents/Home/jre/lib/libjava.dylib
0x0000000110166000 	/Library/Java/JavaVirtualMachines/jdk1.7.0_79.jdk/Contents/Home/jre/lib/libzip.dylib
0x0000000117aee000 	/System/Library/Frameworks/JavaVM.framework/Frameworks/JavaRuntimeSupport.framework/JavaRuntimeSupport
0x0000000117b06000 	/System/Library/Frameworks/JavaVM.framework/Versions/A/Frameworks/JavaNativeFoundation.framework/Versions/A/JavaNativeFoundation
0x0000000117b1b000 	/System/Library/Frameworks/JavaVM.framework/Versions/A/JavaVM
0x00000000070ca000 	/System/Library/Frameworks/Carbon.framework/Versions/A/Carbon
0x0000000117b28000 	/System/Library/PrivateFrameworks/JavaLaunching.framework/Versions/A/JavaLaunching
0x00000000070ca000 	/System/Library/Frameworks/Carbon.framework/Versions/A/Frameworks/CommonPanels.framework/Versions/A/CommonPanels
0x00000000070ca000 	/System/Library/Frameworks/Carbon.framework/Versions/A/Frameworks/Help.framework/Versions/A/Help
0x00000000070ca000 	/System/Library/Frameworks/Carbon.framework/Versions/A/Frameworks/ImageCapture.framework/Versions/A/ImageCapture
0x00000000070ca000 	/System/Library/Frameworks/Carbon.framework/Versions/A/Frameworks/OpenScripting.framework/Versions/A/OpenScripting
0x00000000070ca000 	/System/Library/Frameworks/Carbon.framework/Versions/A/Frameworks/Print.framework/Versions/A/Print
0x00000000070ca000 	/System/Library/Frameworks/Carbon.framework/Versions/A/Frameworks/SecurityHI.framework/Versions/A/SecurityHI
0x0000000119b50000 	/Library/Java/JavaVirtualMachines/jdk1.7.0_79.jdk/Contents/Home/jre/lib/libnet.dylib
0x0000000119bae000 	/Library/Java/JavaVirtualMachines/jdk1.7.0_79.jdk/Contents/Home/jre/lib/libnio.dylib
0x0000000119bbd000 	/Users/sunil/.gradle/native/19/osx-amd64/libnative-platform.dylib

VM Arguments:
jvm_args: -XX:MaxPermSize=256m -XX:+HeapDumpOnOutOfMemoryError -Xmx1024m -Dfile.encoding=UTF-8 -Duser.country=US -Duser.language=en -Duser.variant 
java_command: org.gradle.launcher.daemon.bootstrap.GradleDaemon 2.10
Launcher Type: SUN_STANDARD

Environment Variables:
PATH=/usr/bin:/bin:/usr/sbin:/sbin
SHELL=/bin/bash

Signal Handlers:
SIGSEGV: [libjvm.dylib+0x52daf1], sa_mask[0]=0xfffefeff, sa_flags=0x00000043
SIGBUS: [libjvm.dylib+0x52daf1], sa_mask[0]=0xfffefeff, sa_flags=0x00000042
SIGFPE: [libjvm.dylib+0x41f34e], sa_mask[0]=0xfffefeff, sa_flags=0x00000042
SIGPIPE: [libjvm.dylib+0x41f34e], sa_mask[0]=0xfffefeff, sa_flags=0x00000042
SIGXFSZ: [libjvm.dylib+0x41f34e], sa_mask[0]=0xfffefeff, sa_flags=0x00000042
SIGILL: [libjvm.dylib+0x41f34e], sa_mask[0]=0xfffefeff, sa_flags=0x00000042
SIGUSR1: SIG_DFL, sa_mask[0]=0x00000000, sa_flags=0x00000000
SIGUSR2: [libjvm.dylib+0x41ee40], sa_mask[0]=0x00000004, sa_flags=0x00000042
SIGHUP: [libjvm.dylib+0x41d0d1], sa_mask[0]=0xfffefeff, sa_flags=0x00000042
SIGINT: [libjvm.dylib+0x41d0d1], sa_mask[0]=0xfffefeff, sa_flags=0x00000042
SIGTERM: [libjvm.dylib+0x41d0d1], sa_mask[0]=0xfffefeff, sa_flags=0x00000042
SIGQUIT: [libjvm.dylib+0x41d0d1], sa_mask[0]=0xfffefeff, sa_flags=0x00000042


---------------  S Y S T E M  ---------------

OS:Bsduname:Darwin 14.5.0 Darwin Kernel Version 14.5.0: Wed Jul 29 02:26:53 PDT 2015; root:xnu-2782.40.9~1/RELEASE_X86_64 x86_64
rlimit: STACK 8192k, CORE 0k, NPROC 709, NOFILE 10240, AS infinity
load average:1.75 2.04 1.82

CPU:total 4 (2 cores per cpu, 2 threads per core) family 6 model 42 stepping 7, cmov, cx8, fxsr, mmx, sse, sse2, sse3, ssse3, sse4.1, sse4.2, popcnt, avx, aes, ht, tsc, tscinvbit

Memory: 4k page, physical 8388608k(2097152k free)

/proc/meminfo:


vm_info: Java HotSpot(TM) 64-Bit Server VM (24.79-b02) for bsd-amd64 JRE (1.7.0_79-b15), built on Apr 10 2015 11:35:04 by "java_re" with gcc 4.2.1 (Based on Apple Inc. build 5658) (LLVM build 2336.11.00)

time: Mon Jun 27 16:45:22 2016
elapsed time: 10 seconds

